mode: atomic
github.com/iyaki/reglint/cmd/reglint/main.go:17.13,20.2 2 1
github.com/iyaki/reglint/cmd/reglint/main.go:22.44,29.2 2 11
github.com/iyaki/reglint/internal/cli/analyze.go:49.39,51.2 1 14
github.com/iyaki/reglint/internal/cli/analyze.go:53.47,57.2 2 0
github.com/iyaki/reglint/internal/cli/analyze.go:60.58,62.16 2 7
github.com/iyaki/reglint/internal/cli/analyze.go:62.16,66.3 2 2
github.com/iyaki/reglint/internal/cli/analyze.go:68.2,68.74 1 5
github.com/iyaki/reglint/internal/cli/analyze.go:68.74,72.3 2 0
github.com/iyaki/reglint/internal/cli/analyze.go:74.2,74.18 1 5
github.com/iyaki/reglint/internal/cli/analyze.go:74.18,76.3 1 3
github.com/iyaki/reglint/internal/cli/analyze.go:78.2,78.50 1 2
github.com/iyaki/reglint/internal/cli/analyze.go:82.54,103.44 18 7
github.com/iyaki/reglint/internal/cli/analyze.go:103.44,105.3 1 0
github.com/iyaki/reglint/internal/cli/analyze.go:107.2,109.45 3 7
github.com/iyaki/reglint/internal/cli/analyze.go:109.45,111.3 1 0
github.com/iyaki/reglint/internal/cli/analyze.go:113.2,113.25 1 7
github.com/iyaki/reglint/internal/cli/analyze.go:113.25,115.3 1 2
github.com/iyaki/reglint/internal/cli/analyze.go:115.8,117.3 1 5
github.com/iyaki/reglint/internal/cli/analyze.go:119.2,120.74 2 7
github.com/iyaki/reglint/internal/cli/analyze.go:120.74,122.3 1 0
github.com/iyaki/reglint/internal/cli/analyze.go:123.2,124.16 2 7
github.com/iyaki/reglint/internal/cli/analyze.go:124.16,126.3 1 0
github.com/iyaki/reglint/internal/cli/analyze.go:127.2,129.51 2 7
github.com/iyaki/reglint/internal/cli/analyze.go:129.51,131.3 1 2
github.com/iyaki/reglint/internal/cli/analyze.go:133.2,133.17 1 5
github.com/iyaki/reglint/internal/cli/analyze.go:136.51,137.36 1 7
github.com/iyaki/reglint/internal/cli/analyze.go:137.36,139.3 1 0
github.com/iyaki/reglint/internal/cli/analyze.go:141.2,144.29 4 7
github.com/iyaki/reglint/internal/cli/analyze.go:144.29,146.19 2 8
github.com/iyaki/reglint/internal/cli/analyze.go:146.19,148.4 1 0
github.com/iyaki/reglint/internal/cli/analyze.go:149.3,149.32 1 8
github.com/iyaki/reglint/internal/cli/analyze.go:149.32,150.12 1 0
github.com/iyaki/reglint/internal/cli/analyze.go:152.3,153.34 2 8
github.com/iyaki/reglint/internal/cli/analyze.go:156.2,161.16 2 7
github.com/iyaki/reglint/internal/cli/analyze.go:161.16,163.3 1 0
github.com/iyaki/reglint/internal/cli/analyze.go:164.2,164.52 1 7
github.com/iyaki/reglint/internal/cli/analyze.go:164.52,166.3 1 0
github.com/iyaki/reglint/internal/cli/analyze.go:168.2,168.20 1 7
github.com/iyaki/reglint/internal/cli/analyze.go:171.46,172.59 1 7
github.com/iyaki/reglint/internal/cli/analyze.go:172.59,174.3 1 2
github.com/iyaki/reglint/internal/cli/analyze.go:175.2,175.26 1 5
github.com/iyaki/reglint/internal/cli/analyze.go:175.26,177.3 1 0
github.com/iyaki/reglint/internal/cli/analyze.go:178.2,178.31 1 5
github.com/iyaki/reglint/internal/cli/analyze.go:178.31,180.3 1 0
github.com/iyaki/reglint/internal/cli/analyze.go:181.2,181.70 1 5
github.com/iyaki/reglint/internal/cli/analyze.go:181.70,183.3 1 0
github.com/iyaki/reglint/internal/cli/analyze.go:184.2,184.49 1 5
github.com/iyaki/reglint/internal/cli/analyze.go:184.49,186.3 1 0
github.com/iyaki/reglint/internal/cli/analyze.go:188.2,188.12 1 5
github.com/iyaki/reglint/internal/cli/analyze.go:191.44,193.16 2 7
github.com/iyaki/reglint/internal/cli/analyze.go:193.16,195.3 1 2
github.com/iyaki/reglint/internal/cli/analyze.go:196.2,196.18 1 5
github.com/iyaki/reglint/internal/cli/analyze.go:196.18,198.3 1 0
github.com/iyaki/reglint/internal/cli/analyze.go:199.2,200.16 2 5
github.com/iyaki/reglint/internal/cli/analyze.go:200.16,202.3 1 0
github.com/iyaki/reglint/internal/cli/analyze.go:203.2,203.37 1 5
github.com/iyaki/reglint/internal/cli/analyze.go:203.37,205.3 1 0
github.com/iyaki/reglint/internal/cli/analyze.go:207.2,207.12 1 5
github.com/iyaki/reglint/internal/cli/analyze.go:210.44,211.27 1 5
github.com/iyaki/reglint/internal/cli/analyze.go:211.27,213.3 1 4
github.com/iyaki/reglint/internal/cli/analyze.go:215.2,215.37 1 1
github.com/iyaki/reglint/internal/cli/analyze.go:215.37,216.17 1 2
github.com/iyaki/reglint/internal/cli/analyze.go:217.15,218.25 1 1
github.com/iyaki/reglint/internal/cli/analyze.go:218.25,220.5 1 0
github.com/iyaki/reglint/internal/cli/analyze.go:221.16,222.26 1 0
github.com/iyaki/reglint/internal/cli/analyze.go:222.26,224.5 1 0
github.com/iyaki/reglint/internal/cli/analyze.go:228.2,228.38 1 1
github.com/iyaki/reglint/internal/cli/analyze.go:231.49,232.23 1 5
github.com/iyaki/reglint/internal/cli/analyze.go:232.23,233.57 1 1
github.com/iyaki/reglint/internal/cli/analyze.go:233.57,235.4 1 0
github.com/iyaki/reglint/internal/cli/analyze.go:237.2,237.24 1 5
github.com/iyaki/reglint/internal/cli/analyze.go:237.24,238.58 1 0
github.com/iyaki/reglint/internal/cli/analyze.go:238.58,240.4 1 0
github.com/iyaki/reglint/internal/cli/analyze.go:243.2,243.12 1 5
github.com/iyaki/reglint/internal/cli/analyze.go:246.44,248.16 2 1
github.com/iyaki/reglint/internal/cli/analyze.go:248.16,250.3 1 0
github.com/iyaki/reglint/internal/cli/analyze.go:251.2,251.37 1 1
github.com/iyaki/reglint/internal/cli/analyze.go:251.37,253.3 1 0
github.com/iyaki/reglint/internal/cli/analyze.go:255.2,256.35 2 1
github.com/iyaki/reglint/internal/cli/analyze.go:256.35,258.3 1 0
github.com/iyaki/reglint/internal/cli/analyze.go:259.2,259.43 1 1
github.com/iyaki/reglint/internal/cli/analyze.go:259.43,261.3 1 0
github.com/iyaki/reglint/internal/cli/analyze.go:263.2,263.54 1 1
github.com/iyaki/reglint/internal/cli/analyze.go:266.70,267.18 1 0
github.com/iyaki/reglint/internal/cli/analyze.go:267.18,269.3 1 0
github.com/iyaki/reglint/internal/cli/analyze.go:270.2,271.16 2 0
github.com/iyaki/reglint/internal/cli/analyze.go:271.16,273.3 1 0
github.com/iyaki/reglint/internal/cli/analyze.go:274.2,274.37 1 0
github.com/iyaki/reglint/internal/cli/analyze.go:274.37,276.3 1 0
github.com/iyaki/reglint/internal/cli/analyze.go:278.2,278.12 1 0
github.com/iyaki/reglint/internal/cli/analyze.go:281.65,283.16 2 1
github.com/iyaki/reglint/internal/cli/analyze.go:283.16,285.3 1 0
github.com/iyaki/reglint/internal/cli/analyze.go:286.2,287.38 2 1
github.com/iyaki/reglint/internal/cli/analyze.go:287.38,291.3 2 0
github.com/iyaki/reglint/internal/cli/analyze.go:292.2,292.40 1 1
github.com/iyaki/reglint/internal/cli/analyze.go:292.40,294.3 1 0
github.com/iyaki/reglint/internal/cli/analyze.go:296.2,296.12 1 1
github.com/iyaki/reglint/internal/cli/analyze.go:299.41,300.15 1 1
github.com/iyaki/reglint/internal/cli/analyze.go:301.44,302.14 1 1
github.com/iyaki/reglint/internal/cli/analyze.go:303.10,304.15 1 0
github.com/iyaki/reglint/internal/cli/analyze.go:309.82,327.2 5 5
github.com/iyaki/reglint/internal/cli/analyze.go:329.47,331.2 1 2
github.com/iyaki/reglint/internal/cli/analyze.go:333.93,335.16 2 7
github.com/iyaki/reglint/internal/cli/analyze.go:335.16,337.3 1 2
github.com/iyaki/reglint/internal/cli/analyze.go:339.2,340.16 2 5
github.com/iyaki/reglint/internal/cli/analyze.go:340.16,342.3 1 0
github.com/iyaki/reglint/internal/cli/analyze.go:344.2,346.16 3 5
github.com/iyaki/reglint/internal/cli/analyze.go:346.16,348.3 1 0
github.com/iyaki/reglint/internal/cli/analyze.go:350.2,350.61 1 5
github.com/iyaki/reglint/internal/cli/analyze.go:353.117,355.16 2 5
github.com/iyaki/reglint/internal/cli/analyze.go:355.16,357.3 1 0
github.com/iyaki/reglint/internal/cli/analyze.go:359.2,359.33 1 5
github.com/iyaki/reglint/internal/cli/analyze.go:359.33,361.17 2 6
github.com/iyaki/reglint/internal/cli/analyze.go:361.17,363.4 1 0
github.com/iyaki/reglint/internal/cli/analyze.go:364.3,364.76 1 6
github.com/iyaki/reglint/internal/cli/analyze.go:364.76,366.4 1 0
github.com/iyaki/reglint/internal/cli/analyze.go:369.2,369.12 1 5
github.com/iyaki/reglint/internal/cli/analyze.go:374.76,380.2 1 5
github.com/iyaki/reglint/internal/cli/analyze.go:388.9,389.26 1 6
github.com/iyaki/reglint/internal/cli/analyze.go:390.17,391.38 1 4
github.com/iyaki/reglint/internal/cli/analyze.go:392.14,393.43 1 2
github.com/iyaki/reglint/internal/cli/analyze.go:394.15,395.53 1 0
github.com/iyaki/reglint/internal/cli/analyze.go:396.10,397.60 1 0
github.com/iyaki/reglint/internal/cli/analyze.go:401.79,402.23 1 2
github.com/iyaki/reglint/internal/cli/analyze.go:402.23,403.28 1 1
github.com/iyaki/reglint/internal/cli/analyze.go:403.28,405.4 1 0
github.com/iyaki/reglint/internal/cli/analyze.go:407.3,407.39 1 1
github.com/iyaki/reglint/internal/cli/analyze.go:410.2,410.43 1 1
github.com/iyaki/reglint/internal/cli/analyze.go:413.102,414.24 1 0
github.com/iyaki/reglint/internal/cli/analyze.go:414.24,415.28 1 0
github.com/iyaki/reglint/internal/cli/analyze.go:415.28,417.4 1 0
github.com/iyaki/reglint/internal/cli/analyze.go:419.3,419.49 1 0
github.com/iyaki/reglint/internal/cli/analyze.go:422.2,422.54 1 0
github.com/iyaki/reglint/internal/cli/analyze.go:425.59,427.16 2 1
github.com/iyaki/reglint/internal/cli/analyze.go:427.16,429.3 1 0
github.com/iyaki/reglint/internal/cli/analyze.go:430.2,430.55 1 1
github.com/iyaki/reglint/internal/cli/analyze.go:430.55,434.3 2 0
github.com/iyaki/reglint/internal/cli/analyze.go:436.2,436.21 1 1
github.com/iyaki/reglint/internal/cli/analyze.go:439.82,441.16 2 0
github.com/iyaki/reglint/internal/cli/analyze.go:441.16,443.3 1 0
github.com/iyaki/reglint/internal/cli/analyze.go:444.2,444.65 1 0
github.com/iyaki/reglint/internal/cli/analyze.go:444.65,448.3 2 0
github.com/iyaki/reglint/internal/cli/analyze.go:450.2,450.21 1 0
github.com/iyaki/reglint/internal/cli/analyze.go:453.64,455.32 2 2
github.com/iyaki/reglint/internal/cli/analyze.go:455.32,456.48 1 2
github.com/iyaki/reglint/internal/cli/analyze.go:456.48,458.4 1 2
github.com/iyaki/reglint/internal/cli/analyze.go:461.2,461.14 1 0
github.com/iyaki/reglint/internal/cli/analyze.go:464.65,465.38 1 2
github.com/iyaki/reglint/internal/cli/analyze.go:465.38,467.3 1 2
github.com/iyaki/reglint/internal/cli/analyze.go:469.2,469.10 1 0
github.com/iyaki/reglint/internal/cli/analyze.go:480.37,481.15 1 4
github.com/iyaki/reglint/internal/cli/analyze.go:482.15,483.27 1 2
github.com/iyaki/reglint/internal/cli/analyze.go:484.17,485.29 1 2
github.com/iyaki/reglint/internal/cli/analyze.go:486.16,487.28 1 0
github.com/iyaki/reglint/internal/cli/analyze.go:488.14,489.26 1 0
github.com/iyaki/reglint/internal/cli/analyze.go:490.10,491.29 1 0
github.com/iyaki/reglint/internal/cli/analyze.go:495.66,496.26 1 5
github.com/iyaki/reglint/internal/cli/analyze.go:496.26,498.3 1 0
github.com/iyaki/reglint/internal/cli/analyze.go:499.2,499.26 1 5
github.com/iyaki/reglint/internal/cli/analyze.go:499.26,501.3 1 0
github.com/iyaki/reglint/internal/cli/analyze.go:502.2,502.30 1 5
github.com/iyaki/reglint/internal/cli/analyze.go:502.30,504.3 1 1
github.com/iyaki/reglint/internal/cli/analyze.go:505.2,505.23 1 5
github.com/iyaki/reglint/internal/cli/analyze.go:505.23,508.3 2 0
github.com/iyaki/reglint/internal/cli/analyze.go:511.76,512.52 1 5
github.com/iyaki/reglint/internal/cli/analyze.go:512.52,514.3 1 5
github.com/iyaki/reglint/internal/cli/analyze.go:516.2,517.39 2 0
github.com/iyaki/reglint/internal/cli/analyze.go:517.39,519.27 2 0
github.com/iyaki/reglint/internal/cli/analyze.go:519.27,521.4 1 0
github.com/iyaki/reglint/internal/cli/analyze.go:522.3,522.27 1 0
github.com/iyaki/reglint/internal/cli/analyze.go:522.27,524.4 1 0
github.com/iyaki/reglint/internal/cli/analyze.go:525.3,525.29 1 0
github.com/iyaki/reglint/internal/cli/analyze.go:528.2,528.23 1 0
github.com/iyaki/reglint/internal/cli/analyze.go:531.66,532.54 1 5
github.com/iyaki/reglint/internal/cli/analyze.go:532.54,534.3 1 5
github.com/iyaki/reglint/internal/cli/analyze.go:536.2,536.24 1 0
github.com/iyaki/reglint/internal/cli/analyze.go:539.43,540.19 1 5
github.com/iyaki/reglint/internal/cli/analyze.go:540.19,542.3 1 3
github.com/iyaki/reglint/internal/cli/analyze.go:544.2,544.16 1 2
github.com/iyaki/reglint/internal/cli/analyze.go:547.73,552.41 2 5
github.com/iyaki/reglint/internal/cli/analyze.go:552.41,554.3 1 0
github.com/iyaki/reglint/internal/cli/analyze.go:555.2,555.36 1 5
github.com/iyaki/reglint/internal/cli/analyze.go:555.36,557.3 1 0
github.com/iyaki/reglint/internal/cli/analyze.go:559.2,559.17 1 5
github.com/iyaki/reglint/internal/cli/analyze.go:562.63,564.42 2 14
github.com/iyaki/reglint/internal/cli/analyze.go:564.42,565.28 1 18
github.com/iyaki/reglint/internal/cli/analyze.go:565.28,567.4 1 0
github.com/iyaki/reglint/internal/cli/analyze.go:570.2,570.14 1 14
github.com/iyaki/reglint/internal/cli/cli.go:14.73,15.20 1 12
github.com/iyaki/reglint/internal/cli/cli.go:15.20,19.3 2 3
github.com/iyaki/reglint/internal/cli/cli.go:20.2,20.24 1 9
github.com/iyaki/reglint/internal/cli/cli.go:20.24,24.3 2 0
github.com/iyaki/reglint/internal/cli/cli.go:26.2,27.26 2 9
github.com/iyaki/reglint/internal/cli/cli.go:27.26,29.3 1 1
github.com/iyaki/reglint/internal/cli/cli.go:31.2,32.41 2 9
github.com/iyaki/reglint/internal/cli/cli.go:32.41,34.9 2 0
github.com/iyaki/reglint/internal/cli/cli.go:34.9,38.4 2 0
github.com/iyaki/reglint/internal/cli/cli.go:41.2,42.9 2 9
github.com/iyaki/reglint/internal/cli/cli.go:42.9,46.3 2 1
github.com/iyaki/reglint/internal/cli/cli.go:48.2,52.13 4 8
github.com/iyaki/reglint/internal/cli/cli.go:55.33,57.2 1 34
github.com/iyaki/reglint/internal/cli/cli.go:59.56,60.47 1 9
github.com/iyaki/reglint/internal/cli/cli.go:60.47,62.3 1 1
github.com/iyaki/reglint/internal/cli/cli.go:63.2,63.27 1 8
github.com/iyaki/reglint/internal/cli/cli.go:63.27,64.21 1 25
github.com/iyaki/reglint/internal/cli/cli.go:64.21,66.4 1 0
github.com/iyaki/reglint/internal/cli/cli.go:69.2,69.14 1 8
github.com/iyaki/reglint/internal/cli/help.go:26.50,27.14 1 0
github.com/iyaki/reglint/internal/cli/help.go:28.14,29.31 1 0
github.com/iyaki/reglint/internal/cli/help.go:30.17,31.34 1 0
github.com/iyaki/reglint/internal/cli/help.go:32.17,33.34 1 0
github.com/iyaki/reglint/internal/cli/help.go:34.14,35.31 1 0
github.com/iyaki/reglint/internal/cli/help.go:36.10,37.28 1 0
github.com/iyaki/reglint/internal/cli/help.go:41.53,43.35 2 3
github.com/iyaki/reglint/internal/cli/help.go:43.35,45.3 1 3
github.com/iyaki/reglint/internal/cli/help.go:47.2,47.26 1 3
github.com/iyaki/reglint/internal/cli/help.go:47.26,50.42 3 3
github.com/iyaki/reglint/internal/cli/help.go:50.42,52.4 1 6
github.com/iyaki/reglint/internal/cli/help.go:55.2,57.35 3 3
github.com/iyaki/reglint/internal/cli/help.go:57.35,59.3 1 3
github.com/iyaki/reglint/internal/cli/help.go:62.43,64.17 2 3
github.com/iyaki/reglint/internal/cli/help.go:64.17,72.3 1 0
github.com/iyaki/reglint/internal/cli/help.go:74.2,81.3 1 3
github.com/iyaki/reglint/internal/cli/help.go:84.30,89.2 1 3
github.com/iyaki/reglint/internal/cli/help.go:91.32,99.2 1 3
github.com/iyaki/reglint/internal/cli/help.go:101.35,108.2 1 0
github.com/iyaki/reglint/internal/cli/help.go:110.36,118.2 6 0
github.com/iyaki/reglint/internal/cli/help.go:120.40,138.2 1 0
github.com/iyaki/reglint/internal/cli/help.go:140.42,155.2 1 0
github.com/iyaki/reglint/internal/cli/help.go:157.42,172.2 1 0
github.com/iyaki/reglint/internal/cli/help.go:174.43,195.2 1 0
github.com/iyaki/reglint/internal/cli/help.go:197.42,206.2 1 0
github.com/iyaki/reglint/internal/cli/help.go:208.32,228.2 1 0
github.com/iyaki/reglint/internal/cli/help.go:230.26,238.2 1 3
github.com/iyaki/reglint/internal/cli/init.go:23.55,25.16 2 1
github.com/iyaki/reglint/internal/cli/init.go:25.16,29.3 2 0
github.com/iyaki/reglint/internal/cli/init.go:31.2,31.48 1 1
github.com/iyaki/reglint/internal/cli/init.go:31.48,35.3 2 0
github.com/iyaki/reglint/internal/cli/init.go:37.2,39.10 2 1
github.com/iyaki/reglint/internal/cli/init.go:43.55,52.44 6 1
github.com/iyaki/reglint/internal/cli/init.go:52.44,54.3 1 0
github.com/iyaki/reglint/internal/cli/init.go:56.2,56.45 1 1
github.com/iyaki/reglint/internal/cli/init.go:56.45,58.3 1 0
github.com/iyaki/reglint/internal/cli/init.go:60.2,60.17 1 1
github.com/iyaki/reglint/internal/cli/init.go:63.47,64.16 1 1
github.com/iyaki/reglint/internal/cli/init.go:64.16,65.52 1 1
github.com/iyaki/reglint/internal/cli/init.go:65.52,67.4 1 0
github.com/iyaki/reglint/internal/cli/init.go:67.9,67.33 1 1
github.com/iyaki/reglint/internal/cli/init.go:67.33,69.4 1 0
github.com/iyaki/reglint/internal/cli/init.go:72.2,72.87 1 1
github.com/iyaki/reglint/internal/cli/init.go:75.37,90.2 1 1
github.com/iyaki/reglint/internal/config/loader.go:13.48,15.16 2 5
github.com/iyaki/reglint/internal/config/loader.go:15.16,17.3 1 0
github.com/iyaki/reglint/internal/config/loader.go:19.2,20.55 2 5
github.com/iyaki/reglint/internal/config/loader.go:20.55,22.3 1 0
github.com/iyaki/reglint/internal/config/loader.go:24.2,24.49 1 5
github.com/iyaki/reglint/internal/config/loader.go:24.49,26.3 1 0
github.com/iyaki/reglint/internal/config/loader.go:28.2,28.21 1 5
github.com/iyaki/reglint/internal/config/loader.go:31.45,32.55 1 5
github.com/iyaki/reglint/internal/config/loader.go:32.55,34.3 1 0
github.com/iyaki/reglint/internal/config/loader.go:36.2,36.37 1 5
github.com/iyaki/reglint/internal/config/loader.go:39.51,40.29 1 5
github.com/iyaki/reglint/internal/config/loader.go:40.29,42.3 1 0
github.com/iyaki/reglint/internal/config/loader.go:43.2,43.64 1 5
github.com/iyaki/reglint/internal/config/loader.go:43.64,45.3 1 0
github.com/iyaki/reglint/internal/config/loader.go:46.2,46.61 1 5
github.com/iyaki/reglint/internal/config/loader.go:46.61,48.3 1 0
github.com/iyaki/reglint/internal/config/loader.go:49.2,49.53 1 5
github.com/iyaki/reglint/internal/config/loader.go:49.53,51.3 1 0
github.com/iyaki/reglint/internal/config/loader.go:53.2,53.12 1 5
github.com/iyaki/reglint/internal/config/loader.go:56.40,57.29 1 5
github.com/iyaki/reglint/internal/config/loader.go:57.29,58.47 1 5
github.com/iyaki/reglint/internal/config/loader.go:58.47,60.4 1 0
github.com/iyaki/reglint/internal/config/loader.go:63.2,63.12 1 5
github.com/iyaki/reglint/internal/config/loader.go:66.47,67.43 1 5
github.com/iyaki/reglint/internal/config/loader.go:67.43,69.3 1 0
github.com/iyaki/reglint/internal/config/loader.go:70.2,70.41 1 5
github.com/iyaki/reglint/internal/config/loader.go:70.41,72.3 1 0
github.com/iyaki/reglint/internal/config/loader.go:73.2,73.71 1 5
github.com/iyaki/reglint/internal/config/loader.go:73.71,75.3 1 0
github.com/iyaki/reglint/internal/config/loader.go:76.2,76.75 1 5
github.com/iyaki/reglint/internal/config/loader.go:76.75,78.3 1 0
github.com/iyaki/reglint/internal/config/loader.go:79.2,79.54 1 5
github.com/iyaki/reglint/internal/config/loader.go:79.54,81.3 1 0
github.com/iyaki/reglint/internal/config/loader.go:82.2,82.60 1 5
github.com/iyaki/reglint/internal/config/loader.go:82.60,84.3 1 0
github.com/iyaki/reglint/internal/config/loader.go:86.2,86.12 1 5
github.com/iyaki/reglint/internal/config/loader.go:89.41,90.15 1 6
github.com/iyaki/reglint/internal/config/loader.go:91.44,92.14 1 6
github.com/iyaki/reglint/internal/config/loader.go:93.10,94.15 1 0
github.com/iyaki/reglint/internal/config/loader.go:98.73,99.31 1 10
github.com/iyaki/reglint/internal/config/loader.go:99.31,100.37 1 0
github.com/iyaki/reglint/internal/config/loader.go:100.37,102.4 1 0
github.com/iyaki/reglint/internal/config/loader.go:105.2,105.12 1 10
github.com/iyaki/reglint/internal/config/loader.go:108.49,110.44 2 5
github.com/iyaki/reglint/internal/config/loader.go:110.44,112.17 2 0
github.com/iyaki/reglint/internal/config/loader.go:112.17,114.4 1 0
github.com/iyaki/reglint/internal/config/loader.go:115.3,115.39 1 0
github.com/iyaki/reglint/internal/config/loader.go:115.39,117.4 1 0
github.com/iyaki/reglint/internal/config/loader.go:118.3,118.30 1 0
github.com/iyaki/reglint/internal/config/loader.go:118.30,120.4 1 0
github.com/iyaki/reglint/internal/config/loader.go:121.3,121.26 1 0
github.com/iyaki/reglint/internal/config/loader.go:124.2,124.12 1 5
github.com/iyaki/reglint/internal/config/rules.go:18.40,20.20 2 5
github.com/iyaki/reglint/internal/config/rules.go:20.20,22.3 1 0
github.com/iyaki/reglint/internal/config/rules.go:24.2,25.21 2 5
github.com/iyaki/reglint/internal/config/rules.go:25.21,27.3 1 5
github.com/iyaki/reglint/internal/config/rules.go:29.2,37.3 2 5
github.com/iyaki/reglint/internal/config/rules.go:41.48,50.33 2 5
github.com/iyaki/reglint/internal/config/rules.go:50.33,52.3 1 5
github.com/iyaki/reglint/internal/config/rules.go:53.2,53.33 1 5
github.com/iyaki/reglint/internal/config/rules.go:53.33,55.3 1 5
github.com/iyaki/reglint/internal/config/rules.go:56.2,56.34 1 5
github.com/iyaki/reglint/internal/config/rules.go:56.34,59.3 2 5
github.com/iyaki/reglint/internal/config/rules.go:61.2,61.28 1 5
github.com/iyaki/reglint/internal/config/rules.go:61.28,63.38 2 5
github.com/iyaki/reglint/internal/config/rules.go:63.38,66.28 3 5
github.com/iyaki/reglint/internal/config/rules.go:66.28,68.5 1 5
github.com/iyaki/reglint/internal/config/rules.go:69.4,69.30 1 5
github.com/iyaki/reglint/internal/config/rules.go:69.30,71.5 1 5
github.com/iyaki/reglint/internal/config/rules.go:72.4,72.38 1 5
github.com/iyaki/reglint/internal/config/rules.go:76.2,76.18 1 5
github.com/iyaki/reglint/internal/config/string_list.go:13.60,14.21 1 0
github.com/iyaki/reglint/internal/config/string_list.go:14.21,16.3 1 0
github.com/iyaki/reglint/internal/config/string_list.go:17.2,17.60 1 0
github.com/iyaki/reglint/internal/config/string_list.go:17.60,19.3 1 0
github.com/iyaki/reglint/internal/config/string_list.go:20.2,20.37 1 0
github.com/iyaki/reglint/internal/config/string_list.go:20.37,22.3 1 0
github.com/iyaki/reglint/internal/config/string_list.go:24.2,25.37 2 0
github.com/iyaki/reglint/internal/config/string_list.go:25.37,26.58 1 0
github.com/iyaki/reglint/internal/config/string_list.go:26.58,28.4 1 0
github.com/iyaki/reglint/internal/config/string_list.go:29.3,29.24 1 0
github.com/iyaki/reglint/internal/config/string_list.go:32.2,34.12 2 0
github.com/iyaki/reglint/internal/ignore/loader.go:11.62,14.38 3 5
github.com/iyaki/reglint/internal/ignore/loader.go:14.38,16.3 1 0
github.com/iyaki/reglint/internal/ignore/loader.go:18.2,18.26 1 5
github.com/iyaki/reglint/internal/ignore/loader.go:28.59,33.2 1 5
github.com/iyaki/reglint/internal/ignore/loader.go:35.42,36.96 1 5
github.com/iyaki/reglint/internal/ignore/loader.go:36.96,37.17 1 10
github.com/iyaki/reglint/internal/ignore/loader.go:37.17,39.4 1 0
github.com/iyaki/reglint/internal/ignore/loader.go:40.3,40.21 1 10
github.com/iyaki/reglint/internal/ignore/loader.go:40.21,42.4 1 5
github.com/iyaki/reglint/internal/ignore/loader.go:43.3,45.13 2 5
github.com/iyaki/reglint/internal/ignore/loader.go:46.17,48.3 1 0
github.com/iyaki/reglint/internal/ignore/loader.go:50.2,52.47 2 5
github.com/iyaki/reglint/internal/ignore/loader.go:52.47,54.17 2 5
github.com/iyaki/reglint/internal/ignore/loader.go:54.17,56.4 1 0
github.com/iyaki/reglint/internal/ignore/loader.go:57.3,58.21 2 5
github.com/iyaki/reglint/internal/ignore/loader.go:58.21,60.4 1 5
github.com/iyaki/reglint/internal/ignore/loader.go:61.3,61.66 1 5
github.com/iyaki/reglint/internal/ignore/loader.go:61.66,63.4 1 0
github.com/iyaki/reglint/internal/ignore/loader.go:66.2,66.12 1 5
github.com/iyaki/reglint/internal/ignore/loader.go:69.83,71.19 2 5
github.com/iyaki/reglint/internal/ignore/loader.go:71.19,73.3 1 5
github.com/iyaki/reglint/internal/ignore/loader.go:74.2,74.40 1 5
github.com/iyaki/reglint/internal/ignore/loader.go:74.40,77.17 3 10
github.com/iyaki/reglint/internal/ignore/loader.go:77.17,78.26 1 10
github.com/iyaki/reglint/internal/ignore/loader.go:78.26,79.13 1 10
github.com/iyaki/reglint/internal/ignore/loader.go:82.4,82.14 1 0
github.com/iyaki/reglint/internal/ignore/loader.go:84.3,84.19 1 0
github.com/iyaki/reglint/internal/ignore/loader.go:84.19,85.12 1 0
github.com/iyaki/reglint/internal/ignore/loader.go:87.3,88.20 2 0
github.com/iyaki/reglint/internal/ignore/loader.go:88.20,90.4 1 0
github.com/iyaki/reglint/internal/ignore/loader.go:91.3,92.17 2 0
github.com/iyaki/reglint/internal/ignore/loader.go:92.17,94.4 1 0
github.com/iyaki/reglint/internal/ignore/loader.go:95.3,96.17 2 0
github.com/iyaki/reglint/internal/ignore/loader.go:96.17,98.4 1 0
github.com/iyaki/reglint/internal/ignore/loader.go:99.3,99.48 1 0
github.com/iyaki/reglint/internal/ignore/loader.go:102.2,102.12 1 5
github.com/iyaki/reglint/internal/ignore/matcher.go:17.46,21.2 2 0
github.com/iyaki/reglint/internal/ignore/matcher.go:24.74,28.2 2 0
github.com/iyaki/reglint/internal/ignore/matcher.go:31.75,33.20 2 0
github.com/iyaki/reglint/internal/ignore/matcher.go:33.20,35.3 1 0
github.com/iyaki/reglint/internal/ignore/matcher.go:37.2,38.37 2 0
github.com/iyaki/reglint/internal/ignore/matcher.go:38.37,40.17 2 0
github.com/iyaki/reglint/internal/ignore/matcher.go:40.17,42.4 1 0
github.com/iyaki/reglint/internal/ignore/matcher.go:43.3,43.14 1 0
github.com/iyaki/reglint/internal/ignore/matcher.go:43.14,45.4 1 0
github.com/iyaki/reglint/internal/ignore/matcher.go:48.2,48.21 1 0
github.com/iyaki/reglint/internal/ignore/matcher.go:51.81,52.34 1 0
github.com/iyaki/reglint/internal/ignore/matcher.go:52.34,54.3 1 0
github.com/iyaki/reglint/internal/ignore/matcher.go:56.2,56.33 1 0
github.com/iyaki/reglint/internal/ignore/matcher.go:59.74,61.38 2 0
github.com/iyaki/reglint/internal/ignore/matcher.go:61.38,63.3 1 0
github.com/iyaki/reglint/internal/ignore/matcher.go:65.2,66.38 2 0
github.com/iyaki/reglint/internal/ignore/matcher.go:66.38,69.17 3 0
github.com/iyaki/reglint/internal/ignore/matcher.go:69.17,71.4 1 0
github.com/iyaki/reglint/internal/ignore/matcher.go:72.3,72.14 1 0
github.com/iyaki/reglint/internal/ignore/matcher.go:72.14,74.4 1 0
github.com/iyaki/reglint/internal/ignore/matcher.go:77.2,77.19 1 0
github.com/iyaki/reglint/internal/ignore/matcher.go:80.63,82.9 2 0
github.com/iyaki/reglint/internal/ignore/matcher.go:82.9,84.3 1 0
github.com/iyaki/reglint/internal/ignore/matcher.go:85.2,85.15 1 0
github.com/iyaki/reglint/internal/ignore/matcher.go:85.15,87.3 1 0
github.com/iyaki/reglint/internal/ignore/matcher.go:89.2,90.37 2 0
github.com/iyaki/reglint/internal/ignore/matcher.go:90.37,94.3 2 0
github.com/iyaki/reglint/internal/ignore/matcher.go:95.2,95.36 1 0
github.com/iyaki/reglint/internal/ignore/matcher.go:95.36,97.3 1 0
github.com/iyaki/reglint/internal/ignore/matcher.go:99.2,101.47 2 0
github.com/iyaki/reglint/internal/ignore/matcher.go:104.65,105.37 1 0
github.com/iyaki/reglint/internal/ignore/matcher.go:105.37,107.3 1 0
github.com/iyaki/reglint/internal/ignore/matcher.go:109.2,110.24 2 0
github.com/iyaki/reglint/internal/ignore/matcher.go:110.24,112.3 1 0
github.com/iyaki/reglint/internal/ignore/matcher.go:113.2,113.45 1 0
github.com/iyaki/reglint/internal/ignore/matcher.go:113.45,115.3 1 0
github.com/iyaki/reglint/internal/ignore/matcher.go:117.2,117.18 1 0
github.com/iyaki/reglint/internal/ignore/matcher.go:120.82,122.16 2 0
github.com/iyaki/reglint/internal/ignore/matcher.go:122.16,124.3 1 0
github.com/iyaki/reglint/internal/ignore/matcher.go:126.2,126.21 1 0
github.com/iyaki/reglint/internal/ignore/parser.go:22.81,25.30 3 0
github.com/iyaki/reglint/internal/ignore/parser.go:25.30,28.17 3 0
github.com/iyaki/reglint/internal/ignore/parser.go:28.17,30.4 1 0
github.com/iyaki/reglint/internal/ignore/parser.go:31.3,31.10 1 0
github.com/iyaki/reglint/internal/ignore/parser.go:31.10,32.12 1 0
github.com/iyaki/reglint/internal/ignore/parser.go:34.3,34.30 1 0
github.com/iyaki/reglint/internal/ignore/parser.go:37.2,37.19 1 0
github.com/iyaki/reglint/internal/ignore/parser.go:40.105,42.16 2 0
github.com/iyaki/reglint/internal/ignore/parser.go:42.16,44.3 1 0
github.com/iyaki/reglint/internal/ignore/parser.go:45.2,45.34 1 0
github.com/iyaki/reglint/internal/ignore/parser.go:45.34,47.3 1 0
github.com/iyaki/reglint/internal/ignore/parser.go:49.2,51.46 3 0
github.com/iyaki/reglint/internal/ignore/parser.go:51.46,55.3 3 0
github.com/iyaki/reglint/internal/ignore/parser.go:56.2,56.16 1 0
github.com/iyaki/reglint/internal/ignore/parser.go:56.16,58.3 1 0
github.com/iyaki/reglint/internal/ignore/parser.go:60.2,61.19 2 0
github.com/iyaki/reglint/internal/ignore/parser.go:61.19,63.17 2 0
github.com/iyaki/reglint/internal/ignore/parser.go:63.17,65.4 1 0
github.com/iyaki/reglint/internal/ignore/parser.go:68.2,68.66 1 0
github.com/iyaki/reglint/internal/ignore/parser.go:68.66,70.3 1 0
github.com/iyaki/reglint/internal/ignore/parser.go:72.2,79.14 1 0
github.com/iyaki/reglint/internal/ignore/parser.go:82.50,83.38 1 0
github.com/iyaki/reglint/internal/ignore/parser.go:83.38,85.3 1 0
github.com/iyaki/reglint/internal/ignore/parser.go:86.2,89.16 3 0
github.com/iyaki/reglint/internal/ignore/parser.go:92.75,93.62 1 0
github.com/iyaki/reglint/internal/ignore/parser.go:93.62,95.3 1 0
github.com/iyaki/reglint/internal/ignore/parser.go:97.2,97.12 1 0
github.com/iyaki/reglint/internal/ignore/parser.go:100.52,101.36 1 0
github.com/iyaki/reglint/internal/ignore/parser.go:101.36,103.3 1 0
github.com/iyaki/reglint/internal/ignore/parser.go:104.2,104.36 1 0
github.com/iyaki/reglint/internal/ignore/parser.go:104.36,106.3 1 0
github.com/iyaki/reglint/internal/ignore/parser.go:108.2,108.20 1 0
github.com/iyaki/reglint/internal/output/console.go:15.60,17.42 2 4
github.com/iyaki/reglint/internal/output/console.go:17.42,20.38 3 0
github.com/iyaki/reglint/internal/output/console.go:20.38,22.4 1 0
github.com/iyaki/reglint/internal/output/console.go:23.3,23.30 1 0
github.com/iyaki/reglint/internal/output/console.go:23.30,25.4 1 0
github.com/iyaki/reglint/internal/output/console.go:26.3,26.34 1 0
github.com/iyaki/reglint/internal/output/console.go:26.34,28.4 1 0
github.com/iyaki/reglint/internal/output/console.go:29.3,29.38 1 0
github.com/iyaki/reglint/internal/output/console.go:29.38,31.4 1 0
github.com/iyaki/reglint/internal/output/console.go:33.3,33.38 1 0
github.com/iyaki/reglint/internal/output/console.go:36.2,37.64 2 4
github.com/iyaki/reglint/internal/output/console.go:37.64,39.3 1 0
github.com/iyaki/reglint/internal/output/console.go:41.2,50.12 3 4
github.com/iyaki/reglint/internal/output/console.go:57.39,59.2 1 16
github.com/iyaki/reglint/internal/output/console.go:62.72,64.2 1 4
github.com/iyaki/reglint/internal/output/console.go:66.81,67.23 1 4
github.com/iyaki/reglint/internal/output/console.go:67.23,71.3 2 0
github.com/iyaki/reglint/internal/output/console.go:73.2,74.32 2 4
github.com/iyaki/reglint/internal/output/console.go:74.32,75.36 1 4
github.com/iyaki/reglint/internal/output/console.go:75.36,79.4 3 4
github.com/iyaki/reglint/internal/output/console.go:80.3,81.17 2 4
github.com/iyaki/reglint/internal/output/console.go:81.17,83.4 1 0
github.com/iyaki/reglint/internal/output/console.go:84.3,85.28 2 4
github.com/iyaki/reglint/internal/output/console.go:88.2,88.12 1 4
github.com/iyaki/reglint/internal/output/console.go:91.63,93.16 2 4
github.com/iyaki/reglint/internal/output/console.go:93.16,95.3 1 0
github.com/iyaki/reglint/internal/output/console.go:97.2,104.8 1 4
github.com/iyaki/reglint/internal/output/console.go:107.83,108.20 1 6
github.com/iyaki/reglint/internal/output/console.go:108.20,110.3 1 0
github.com/iyaki/reglint/internal/output/console.go:111.2,111.16 1 6
github.com/iyaki/reglint/internal/output/console.go:111.16,113.17 2 0
github.com/iyaki/reglint/internal/output/console.go:113.17,115.4 1 0
github.com/iyaki/reglint/internal/output/console.go:117.3,117.50 1 0
github.com/iyaki/reglint/internal/output/console.go:120.2,122.16 3 6
github.com/iyaki/reglint/internal/output/console.go:122.16,124.3 1 0
github.com/iyaki/reglint/internal/output/console.go:126.2,126.49 1 6
github.com/iyaki/reglint/internal/output/console.go:137.37,138.15 1 0
github.com/iyaki/reglint/internal/output/console.go:139.15,140.27 1 0
github.com/iyaki/reglint/internal/output/console.go:141.17,142.29 1 0
github.com/iyaki/reglint/internal/output/console.go:143.16,144.28 1 0
github.com/iyaki/reglint/internal/output/console.go:145.14,146.26 1 0
github.com/iyaki/reglint/internal/output/console.go:147.10,148.29 1 0
github.com/iyaki/reglint/internal/output/console.go:152.41,153.15 1 4
github.com/iyaki/reglint/internal/output/console.go:154.15,155.17 1 4
github.com/iyaki/reglint/internal/output/console.go:156.17,157.16 1 0
github.com/iyaki/reglint/internal/output/console.go:158.16,159.18 1 0
github.com/iyaki/reglint/internal/output/console.go:160.14,161.16 1 0
github.com/iyaki/reglint/internal/output/console.go:162.10,163.32 1 0
github.com/iyaki/reglint/internal/output/file_uri.go:10.65,12.16 2 0
github.com/iyaki/reglint/internal/output/file_uri.go:12.16,14.3 1 0
github.com/iyaki/reglint/internal/output/file_uri.go:16.2,17.75 2 0
github.com/iyaki/reglint/internal/output/file_uri.go:17.75,19.3 1 0
github.com/iyaki/reglint/internal/output/file_uri.go:21.2,23.54 2 0
github.com/iyaki/reglint/internal/output/file_uri.go:28.43,29.42 1 0
github.com/iyaki/reglint/internal/output/file_uri.go:29.42,31.3 1 0
github.com/iyaki/reglint/internal/output/file_uri.go:32.2,33.73 2 0
github.com/iyaki/reglint/internal/output/file_uri.go:33.73,35.3 1 0
github.com/iyaki/reglint/internal/output/file_uri.go:37.2,37.23 1 0
github.com/iyaki/reglint/internal/output/json.go:35.57,37.42 2 2
github.com/iyaki/reglint/internal/output/json.go:37.42,40.38 3 0
github.com/iyaki/reglint/internal/output/json.go:40.38,42.4 1 0
github.com/iyaki/reglint/internal/output/json.go:43.3,43.30 1 0
github.com/iyaki/reglint/internal/output/json.go:43.30,45.4 1 0
github.com/iyaki/reglint/internal/output/json.go:46.3,46.34 1 0
github.com/iyaki/reglint/internal/output/json.go:46.34,48.4 1 0
github.com/iyaki/reglint/internal/output/json.go:49.3,49.38 1 0
github.com/iyaki/reglint/internal/output/json.go:49.38,51.4 1 0
github.com/iyaki/reglint/internal/output/json.go:53.3,53.38 1 0
github.com/iyaki/reglint/internal/output/json.go:56.2,57.16 2 2
github.com/iyaki/reglint/internal/output/json.go:57.16,59.3 1 0
github.com/iyaki/reglint/internal/output/json.go:61.2,70.32 4 2
github.com/iyaki/reglint/internal/output/json.go:77.36,79.2 1 14
github.com/iyaki/reglint/internal/output/json.go:82.69,84.2 1 0
github.com/iyaki/reglint/internal/output/json.go:86.66,87.23 1 2
github.com/iyaki/reglint/internal/output/json.go:87.23,89.3 1 0
github.com/iyaki/reglint/internal/output/json.go:91.2,92.32 2 2
github.com/iyaki/reglint/internal/output/json.go:92.32,94.17 2 2
github.com/iyaki/reglint/internal/output/json.go:94.17,96.4 1 0
github.com/iyaki/reglint/internal/output/json.go:97.3,105.4 1 2
github.com/iyaki/reglint/internal/output/json.go:108.2,108.23 1 2
github.com/iyaki/reglint/internal/output/json.go:111.49,118.2 1 2
github.com/iyaki/reglint/internal/output/registry.go:14.62,16.39 2 12
github.com/iyaki/reglint/internal/output/registry.go:16.39,17.23 1 36
github.com/iyaki/reglint/internal/output/registry.go:17.23,19.4 1 0
github.com/iyaki/reglint/internal/output/registry.go:20.3,21.17 2 36
github.com/iyaki/reglint/internal/output/registry.go:21.17,23.4 1 0
github.com/iyaki/reglint/internal/output/registry.go:24.3,24.36 1 36
github.com/iyaki/reglint/internal/output/registry.go:24.36,26.4 1 0
github.com/iyaki/reglint/internal/output/registry.go:27.3,27.41 1 36
github.com/iyaki/reglint/internal/output/registry.go:27.41,29.4 1 0
github.com/iyaki/reglint/internal/output/registry.go:30.3,30.28 1 36
github.com/iyaki/reglint/internal/output/registry.go:33.2,33.41 1 12
github.com/iyaki/reglint/internal/output/registry.go:37.65,39.29 2 7
github.com/iyaki/reglint/internal/output/registry.go:39.29,41.10 2 8
github.com/iyaki/reglint/internal/output/registry.go:41.10,43.4 1 0
github.com/iyaki/reglint/internal/output/registry.go:44.3,44.41 1 8
github.com/iyaki/reglint/internal/output/registry.go:47.2,47.22 1 7
github.com/iyaki/reglint/internal/output/registry.go:51.64,53.9 2 6
github.com/iyaki/reglint/internal/output/registry.go:53.9,55.3 1 0
github.com/iyaki/reglint/internal/output/registry.go:57.2,57.23 1 6
github.com/iyaki/reglint/internal/output/sarif.go:30.80,32.42 2 0
github.com/iyaki/reglint/internal/output/sarif.go:32.42,35.38 3 0
github.com/iyaki/reglint/internal/output/sarif.go:35.38,37.4 1 0
github.com/iyaki/reglint/internal/output/sarif.go:38.3,38.30 1 0
github.com/iyaki/reglint/internal/output/sarif.go:38.30,40.4 1 0
github.com/iyaki/reglint/internal/output/sarif.go:41.3,41.34 1 0
github.com/iyaki/reglint/internal/output/sarif.go:41.34,43.4 1 0
github.com/iyaki/reglint/internal/output/sarif.go:44.3,44.38 1 0
github.com/iyaki/reglint/internal/output/sarif.go:44.38,46.4 1 0
github.com/iyaki/reglint/internal/output/sarif.go:48.3,48.38 1 0
github.com/iyaki/reglint/internal/output/sarif.go:51.2,52.16 2 0
github.com/iyaki/reglint/internal/output/sarif.go:52.16,54.3 1 0
github.com/iyaki/reglint/internal/output/sarif.go:55.2,59.31 4 0
github.com/iyaki/reglint/internal/output/sarif.go:59.31,63.3 3 0
github.com/iyaki/reglint/internal/output/sarif.go:65.2,65.32 1 0
github.com/iyaki/reglint/internal/output/sarif.go:65.32,80.3 9 0
github.com/iyaki/reglint/internal/output/sarif.go:82.2,84.32 2 0
github.com/iyaki/reglint/internal/output/sarif.go:93.37,95.2 1 12
github.com/iyaki/reglint/internal/output/sarif.go:98.80,100.2 1 0
github.com/iyaki/reglint/internal/output/sarif.go:102.40,106.2 2 0
github.com/iyaki/reglint/internal/output/sarif.go:108.39,110.2 1 0
github.com/iyaki/reglint/internal/output/sarif.go:112.40,114.15 2 0
github.com/iyaki/reglint/internal/output/sarif.go:114.15,116.3 1 0
github.com/iyaki/reglint/internal/output/sarif.go:117.2,117.26 1 0
github.com/iyaki/reglint/internal/output/sarif.go:117.26,119.3 1 0
github.com/iyaki/reglint/internal/output/sarif.go:121.2,121.28 1 0
github.com/iyaki/reglint/internal/output/sarif.go:124.37,125.27 1 0
github.com/iyaki/reglint/internal/output/sarif.go:125.27,127.3 1 0
github.com/iyaki/reglint/internal/output/sarif.go:128.2,128.27 1 0
github.com/iyaki/reglint/internal/output/sarif.go:128.27,130.3 1 0
github.com/iyaki/reglint/internal/output/sarif.go:131.2,131.27 1 0
github.com/iyaki/reglint/internal/output/sarif.go:131.27,133.3 1 0
github.com/iyaki/reglint/internal/output/sarif.go:135.2,135.20 1 0
github.com/iyaki/reglint/internal/output/sarif.go:138.29,140.2 1 0
github.com/iyaki/reglint/internal/output/sarif.go:142.41,143.18 1 0
github.com/iyaki/reglint/internal/output/sarif.go:144.15,145.17 1 0
github.com/iyaki/reglint/internal/output/sarif.go:146.17,147.19 1 0
github.com/iyaki/reglint/internal/output/sarif.go:148.24,149.16 1 0
github.com/iyaki/reglint/internal/output/sarif.go:150.10,151.16 1 0
github.com/iyaki/reglint/internal/output/sarif.go:155.43,156.16 1 0
github.com/iyaki/reglint/internal/output/sarif.go:156.16,158.3 1 0
github.com/iyaki/reglint/internal/output/sarif.go:160.2,160.37 1 0
github.com/iyaki/reglint/internal/rules/model.go:31.67,32.19 1 5
github.com/iyaki/reglint/internal/rules/model.go:32.19,34.3 1 0
github.com/iyaki/reglint/internal/rules/model.go:36.2,38.36 3 5
github.com/iyaki/reglint/internal/rules/model.go:38.36,39.24 1 65
github.com/iyaki/reglint/internal/rules/model.go:39.24,42.12 2 60
github.com/iyaki/reglint/internal/rules/model.go:44.3,44.26 1 5
github.com/iyaki/reglint/internal/rules/model.go:44.26,47.12 2 0
github.com/iyaki/reglint/internal/rules/model.go:50.3,51.18 2 5
github.com/iyaki/reglint/internal/rules/model.go:51.18,55.12 3 0
github.com/iyaki/reglint/internal/rules/model.go:57.3,57.31 1 5
github.com/iyaki/reglint/internal/rules/model.go:57.31,60.12 2 0
github.com/iyaki/reglint/internal/rules/model.go:63.3,66.28 3 5
github.com/iyaki/reglint/internal/rules/model.go:66.28,68.4 1 5
github.com/iyaki/reglint/internal/rules/model.go:71.2,71.25 1 5
github.com/iyaki/reglint/internal/rules/model.go:74.43,77.28 3 5
github.com/iyaki/reglint/internal/rules/model.go:77.28,79.33 2 5
github.com/iyaki/reglint/internal/rules/model.go:79.33,80.9 1 0
github.com/iyaki/reglint/internal/rules/model.go:82.3,83.13 2 5
github.com/iyaki/reglint/internal/rules/model.go:86.2,86.24 1 5
github.com/iyaki/reglint/internal/scan/engine.go:36.26,40.29 3 5
github.com/iyaki/reglint/internal/scan/engine.go:40.29,42.90 2 5
github.com/iyaki/reglint/internal/scan/engine.go:42.90,43.18 1 10
github.com/iyaki/reglint/internal/scan/engine.go:43.18,45.5 1 0
github.com/iyaki/reglint/internal/scan/engine.go:46.4,46.21 1 10
github.com/iyaki/reglint/internal/scan/engine.go:46.21,48.5 1 5
github.com/iyaki/reglint/internal/scan/engine.go:50.4,51.18 2 5
github.com/iyaki/reglint/internal/scan/engine.go:51.18,53.5 1 0
github.com/iyaki/reglint/internal/scan/engine.go:54.4,55.22 2 5
github.com/iyaki/reglint/internal/scan/engine.go:55.22,57.5 1 0
github.com/iyaki/reglint/internal/scan/engine.go:59.4,68.18 2 5
github.com/iyaki/reglint/internal/scan/engine.go:68.18,70.5 1 0
github.com/iyaki/reglint/internal/scan/engine.go:71.4,71.19 1 5
github.com/iyaki/reglint/internal/scan/engine.go:71.19,75.5 2 0
github.com/iyaki/reglint/internal/scan/engine.go:76.4,76.16 1 5
github.com/iyaki/reglint/internal/scan/engine.go:76.16,78.5 1 5
github.com/iyaki/reglint/internal/scan/engine.go:80.4,80.14 1 5
github.com/iyaki/reglint/internal/scan/engine.go:81.18,83.4 1 0
github.com/iyaki/reglint/internal/scan/engine.go:86.2,88.28 2 5
github.com/iyaki/reglint/internal/scan/engine.go:117.43,121.16 3 5
github.com/iyaki/reglint/internal/scan/engine.go:121.16,123.3 1 0
github.com/iyaki/reglint/internal/scan/engine.go:125.2,126.16 2 5
github.com/iyaki/reglint/internal/scan/engine.go:126.16,128.3 1 0
github.com/iyaki/reglint/internal/scan/engine.go:130.2,131.16 2 5
github.com/iyaki/reglint/internal/scan/engine.go:131.16,133.3 1 0
github.com/iyaki/reglint/internal/scan/engine.go:134.2,148.20 4 5
github.com/iyaki/reglint/internal/scan/engine.go:151.88,154.23 3 5
github.com/iyaki/reglint/internal/scan/engine.go:154.23,156.3 1 0
github.com/iyaki/reglint/internal/scan/engine.go:158.2,159.16 2 5
github.com/iyaki/reglint/internal/scan/engine.go:159.16,161.3 1 0
github.com/iyaki/reglint/internal/scan/engine.go:163.2,164.16 2 5
github.com/iyaki/reglint/internal/scan/engine.go:164.16,166.3 1 0
github.com/iyaki/reglint/internal/scan/engine.go:168.2,168.48 1 5
github.com/iyaki/reglint/internal/scan/engine.go:170.108,176.22 5 5
github.com/iyaki/reglint/internal/scan/engine.go:176.22,178.3 1 0
github.com/iyaki/reglint/internal/scan/engine.go:180.2,184.35 4 5
github.com/iyaki/reglint/internal/scan/engine.go:184.35,185.13 1 5
github.com/iyaki/reglint/internal/scan/engine.go:185.13,186.30 1 5
github.com/iyaki/reglint/internal/scan/engine.go:186.30,189.5 2 5
github.com/iyaki/reglint/internal/scan/engine.go:193.2,193.12 1 5
github.com/iyaki/reglint/internal/scan/engine.go:193.12,194.37 1 5
github.com/iyaki/reglint/internal/scan/engine.go:194.37,196.4 1 5
github.com/iyaki/reglint/internal/scan/engine.go:197.3,197.17 1 5
github.com/iyaki/reglint/internal/scan/engine.go:200.2,201.36 2 5
github.com/iyaki/reglint/internal/scan/engine.go:201.36,204.3 2 5
github.com/iyaki/reglint/internal/scan/engine.go:206.2,206.33 1 5
github.com/iyaki/reglint/internal/scan/engine.go:206.33,207.24 1 5
github.com/iyaki/reglint/internal/scan/engine.go:207.24,209.4 1 0
github.com/iyaki/reglint/internal/scan/engine.go:210.3,210.22 1 5
github.com/iyaki/reglint/internal/scan/engine.go:210.22,213.12 2 0
github.com/iyaki/reglint/internal/scan/engine.go:215.3,216.47 2 5
github.com/iyaki/reglint/internal/scan/engine.go:219.2,219.49 1 5
github.com/iyaki/reglint/internal/scan/engine.go:222.100,223.26 1 5
github.com/iyaki/reglint/internal/scan/engine.go:223.26,225.3 1 0
github.com/iyaki/reglint/internal/scan/engine.go:227.2,229.28 2 5
github.com/iyaki/reglint/internal/scan/engine.go:232.101,237.36 4 0
github.com/iyaki/reglint/internal/scan/engine.go:237.36,239.24 2 0
github.com/iyaki/reglint/internal/scan/engine.go:239.24,241.4 1 0
github.com/iyaki/reglint/internal/scan/engine.go:242.3,242.22 1 0
github.com/iyaki/reglint/internal/scan/engine.go:242.22,245.12 2 0
github.com/iyaki/reglint/internal/scan/engine.go:247.3,248.47 2 0
github.com/iyaki/reglint/internal/scan/engine.go:251.2,251.49 1 0
github.com/iyaki/reglint/internal/scan/engine.go:254.90,257.16 3 5
github.com/iyaki/reglint/internal/scan/engine.go:257.16,259.3 1 0
github.com/iyaki/reglint/internal/scan/engine.go:260.2,263.32 3 5
github.com/iyaki/reglint/internal/scan/engine.go:263.32,265.17 2 5
github.com/iyaki/reglint/internal/scan/engine.go:265.17,267.4 1 0
github.com/iyaki/reglint/internal/scan/engine.go:268.3,268.13 1 5
github.com/iyaki/reglint/internal/scan/engine.go:268.13,269.12 1 0
github.com/iyaki/reglint/internal/scan/engine.go:272.3,273.33 2 5
github.com/iyaki/reglint/internal/scan/engine.go:273.33,288.4 4 5
github.com/iyaki/reglint/internal/scan/engine.go:291.2,296.3 1 5
github.com/iyaki/reglint/internal/scan/engine.go:299.93,300.45 1 5
github.com/iyaki/reglint/internal/scan/engine.go:300.45,302.3 1 0
github.com/iyaki/reglint/internal/scan/engine.go:304.2,304.23 1 5
github.com/iyaki/reglint/internal/scan/engine.go:304.23,306.3 1 0
github.com/iyaki/reglint/internal/scan/engine.go:308.2,308.21 1 5
github.com/iyaki/reglint/internal/scan/engine.go:311.27,312.11 1 5
github.com/iyaki/reglint/internal/scan/engine.go:312.11,314.3 1 0
github.com/iyaki/reglint/internal/scan/engine.go:316.2,316.10 1 5
github.com/iyaki/reglint/internal/scan/engine.go:325.29,329.29 3 5
github.com/iyaki/reglint/internal/scan/engine.go:329.29,332.17 3 5
github.com/iyaki/reglint/internal/scan/engine.go:332.17,334.4 1 0
github.com/iyaki/reglint/internal/scan/engine.go:335.3,335.13 1 5
github.com/iyaki/reglint/internal/scan/engine.go:335.13,339.12 3 0
github.com/iyaki/reglint/internal/scan/engine.go:342.3,343.17 2 5
github.com/iyaki/reglint/internal/scan/engine.go:343.17,345.4 1 0
github.com/iyaki/reglint/internal/scan/engine.go:346.3,347.33 2 5
github.com/iyaki/reglint/internal/scan/engine.go:347.33,349.4 1 5
github.com/iyaki/reglint/internal/scan/engine.go:352.2,352.42 1 5
github.com/iyaki/reglint/internal/scan/engine.go:352.42,353.47 1 0
github.com/iyaki/reglint/internal/scan/engine.go:353.47,355.4 1 0
github.com/iyaki/reglint/internal/scan/engine.go:357.3,357.43 1 0
github.com/iyaki/reglint/internal/scan/engine.go:360.2,360.30 1 5
github.com/iyaki/reglint/internal/scan/engine.go:369.35,371.16 2 5
github.com/iyaki/reglint/internal/scan/engine.go:371.16,373.3 1 0
github.com/iyaki/reglint/internal/scan/engine.go:374.2,374.18 1 5
github.com/iyaki/reglint/internal/scan/engine.go:374.18,376.3 1 5
github.com/iyaki/reglint/internal/scan/engine.go:378.2,380.16 3 0
github.com/iyaki/reglint/internal/scan/engine.go:380.16,382.3 1 0
github.com/iyaki/reglint/internal/scan/engine.go:383.2,394.16 4 0
github.com/iyaki/reglint/internal/scan/engine.go:394.16,396.3 1 0
github.com/iyaki/reglint/internal/scan/engine.go:397.2,397.17 1 0
github.com/iyaki/reglint/internal/scan/engine.go:397.17,399.3 1 0
github.com/iyaki/reglint/internal/scan/engine.go:400.2,400.14 1 0
github.com/iyaki/reglint/internal/scan/engine.go:400.14,402.3 1 0
github.com/iyaki/reglint/internal/scan/engine.go:404.2,404.26 1 0
github.com/iyaki/reglint/internal/scan/engine.go:407.116,409.32 2 5
github.com/iyaki/reglint/internal/scan/engine.go:409.32,410.42 1 5
github.com/iyaki/reglint/internal/scan/engine.go:410.42,412.4 1 0
github.com/iyaki/reglint/internal/scan/engine.go:413.3,414.17 2 5
github.com/iyaki/reglint/internal/scan/engine.go:414.17,416.4 1 0
github.com/iyaki/reglint/internal/scan/engine.go:417.3,417.22 1 5
github.com/iyaki/reglint/internal/scan/engine.go:417.22,419.4 1 5
github.com/iyaki/reglint/internal/scan/engine.go:420.3,421.22 2 5
github.com/iyaki/reglint/internal/scan/engine.go:421.22,423.4 1 0
github.com/iyaki/reglint/internal/scan/engine.go:424.3,425.24 2 5
github.com/iyaki/reglint/internal/scan/engine.go:425.24,427.4 1 0
github.com/iyaki/reglint/internal/scan/engine.go:428.3,433.4 1 5
github.com/iyaki/reglint/internal/scan/engine.go:436.2,436.22 1 5
github.com/iyaki/reglint/internal/scan/engine.go:439.58,442.29 3 5
github.com/iyaki/reglint/internal/scan/engine.go:442.29,445.31 3 5
github.com/iyaki/reglint/internal/scan/engine.go:445.31,448.12 2 0
github.com/iyaki/reglint/internal/scan/engine.go:450.3,450.35 1 5
github.com/iyaki/reglint/internal/scan/engine.go:453.2,453.17 1 5
github.com/iyaki/reglint/internal/scan/engine.go:456.68,459.38 3 5
github.com/iyaki/reglint/internal/scan/engine.go:459.38,460.23 1 5
github.com/iyaki/reglint/internal/scan/engine.go:460.23,461.9 1 5
github.com/iyaki/reglint/internal/scan/engine.go:463.3,463.24 1 0
github.com/iyaki/reglint/internal/scan/engine.go:463.24,467.12 3 0
github.com/iyaki/reglint/internal/scan/engine.go:469.3,469.11 1 0
github.com/iyaki/reglint/internal/scan/engine.go:472.2,472.21 1 5
github.com/iyaki/reglint/internal/scan/engine.go:475.35,476.42 1 5
github.com/iyaki/reglint/internal/scan/engine.go:476.42,479.38 3 0
github.com/iyaki/reglint/internal/scan/engine.go:479.38,481.4 1 0
github.com/iyaki/reglint/internal/scan/engine.go:482.3,482.30 1 0
github.com/iyaki/reglint/internal/scan/engine.go:482.30,484.4 1 0
github.com/iyaki/reglint/internal/scan/engine.go:485.3,485.30 1 0
github.com/iyaki/reglint/internal/scan/engine.go:485.30,487.4 1 0
github.com/iyaki/reglint/internal/scan/engine.go:488.3,488.34 1 0
github.com/iyaki/reglint/internal/scan/engine.go:488.34,490.4 1 0
github.com/iyaki/reglint/internal/scan/engine.go:491.3,491.38 1 0
github.com/iyaki/reglint/internal/scan/engine.go:491.38,493.4 1 0
github.com/iyaki/reglint/internal/scan/engine.go:495.3,495.38 1 0
github.com/iyaki/reglint/internal/scan/engine.go:507.37,508.15 1 0
github.com/iyaki/reglint/internal/scan/engine.go:509.15,510.27 1 0
github.com/iyaki/reglint/internal/scan/engine.go:511.17,512.29 1 0
github.com/iyaki/reglint/internal/scan/engine.go:513.16,514.28 1 0
github.com/iyaki/reglint/internal/scan/engine.go:515.14,516.26 1 0
github.com/iyaki/reglint/internal/scan/engine.go:517.10,518.29 1 0
github.com/iyaki/reglint/internal/scan/engine.go:522.81,523.23 1 10
github.com/iyaki/reglint/internal/scan/engine.go:523.23,525.3 1 0
github.com/iyaki/reglint/internal/scan/engine.go:527.2,527.34 1 10
github.com/iyaki/reglint/internal/scan/engine.go:527.34,529.17 2 30
github.com/iyaki/reglint/internal/scan/engine.go:529.17,531.4 1 0
github.com/iyaki/reglint/internal/scan/engine.go:532.3,532.9 1 30
github.com/iyaki/reglint/internal/scan/engine.go:532.9,534.4 1 0
github.com/iyaki/reglint/internal/scan/engine.go:537.2,537.34 1 10
github.com/iyaki/reglint/internal/scan/engine.go:537.34,539.17 2 10
github.com/iyaki/reglint/internal/scan/engine.go:539.17,541.4 1 0
github.com/iyaki/reglint/internal/scan/engine.go:542.3,542.9 1 10
github.com/iyaki/reglint/internal/scan/engine.go:542.9,544.4 1 10
github.com/iyaki/reglint/internal/scan/engine.go:547.2,547.19 1 0
github.com/iyaki/reglint/internal/scan/engine.go:550.52,551.24 1 20
github.com/iyaki/reglint/internal/scan/engine.go:551.24,553.3 1 0
github.com/iyaki/reglint/internal/scan/engine.go:555.2,556.35 2 20
github.com/iyaki/reglint/internal/scan/engine.go:556.35,558.20 2 40
github.com/iyaki/reglint/internal/scan/engine.go:558.20,559.12 1 0
github.com/iyaki/reglint/internal/scan/engine.go:561.3,561.43 1 40
github.com/iyaki/reglint/internal/scan/engine.go:564.2,564.19 1 20
github.com/iyaki/reglint/internal/scan/engine.go:575.23,577.16 2 5
github.com/iyaki/reglint/internal/scan/engine.go:577.16,579.3 1 0
github.com/iyaki/reglint/internal/scan/engine.go:580.2,580.12 1 5
github.com/iyaki/reglint/internal/scan/engine.go:580.12,582.3 1 0
github.com/iyaki/reglint/internal/scan/engine.go:583.2,583.20 1 5
github.com/iyaki/reglint/internal/scan/engine.go:583.20,585.17 2 0
github.com/iyaki/reglint/internal/scan/engine.go:585.17,587.4 1 0
github.com/iyaki/reglint/internal/scan/engine.go:588.3,588.14 1 0
github.com/iyaki/reglint/internal/scan/engine.go:588.14,590.4 1 0
github.com/iyaki/reglint/internal/scan/engine.go:593.2,594.16 2 5
github.com/iyaki/reglint/internal/scan/engine.go:594.16,596.3 1 0
github.com/iyaki/reglint/internal/scan/engine.go:597.2,597.10 1 5
github.com/iyaki/reglint/internal/scan/engine.go:597.10,599.3 1 0
github.com/iyaki/reglint/internal/scan/engine.go:601.2,601.25 1 5
github.com/iyaki/reglint/internal/scan/engine.go:604.91,606.16 2 5
github.com/iyaki/reglint/internal/scan/engine.go:606.16,608.3 1 0
github.com/iyaki/reglint/internal/scan/engine.go:609.2,609.60 1 5
github.com/iyaki/reglint/internal/scan/engine.go:609.60,611.3 1 0
github.com/iyaki/reglint/internal/scan/engine.go:613.2,614.16 2 5
github.com/iyaki/reglint/internal/scan/engine.go:614.16,616.3 1 0
github.com/iyaki/reglint/internal/scan/engine.go:618.2,621.21 4 5
github.com/iyaki/reglint/internal/scan/engine.go:621.21,623.3 1 0
github.com/iyaki/reglint/internal/scan/engine.go:624.2,624.51 1 5
github.com/iyaki/reglint/internal/scan/engine.go:624.51,626.3 1 0
github.com/iyaki/reglint/internal/scan/engine.go:627.2,627.38 1 5
github.com/iyaki/reglint/internal/scan/engine.go:627.38,628.24 1 47
github.com/iyaki/reglint/internal/scan/engine.go:628.24,630.4 1 0
github.com/iyaki/reglint/internal/scan/engine.go:633.2,633.19 1 5
github.com/iyaki/reglint/internal/scan/ignore_rules.go:9.79,10.29 1 5
github.com/iyaki/reglint/internal/scan/ignore_rules.go:10.29,12.3 1 0
github.com/iyaki/reglint/internal/scan/ignore_rules.go:14.2,15.37 2 5
github.com/iyaki/reglint/internal/scan/ignore_rules.go:15.37,18.17 3 5
github.com/iyaki/reglint/internal/scan/ignore_rules.go:18.17,20.4 1 0
github.com/iyaki/reglint/internal/scan/ignore_rules.go:21.3,21.23 1 5
github.com/iyaki/reglint/internal/scan/ignore_rules.go:24.2,24.20 1 5
github.com/iyaki/reglint/cmd/reglint/main.go:17.13,20.2 2 0
github.com/iyaki/reglint/cmd/reglint/main.go:22.44,29.2 2 0
github.com/iyaki/reglint/internal/cli/analyze.go:49.39,51.2 1 0
github.com/iyaki/reglint/internal/cli/analyze.go:53.47,57.2 2 0
github.com/iyaki/reglint/internal/cli/analyze.go:60.58,62.16 2 0
github.com/iyaki/reglint/internal/cli/analyze.go:62.16,66.3 2 0
github.com/iyaki/reglint/internal/cli/analyze.go:68.2,68.74 1 0
github.com/iyaki/reglint/internal/cli/analyze.go:68.74,72.3 2 0
github.com/iyaki/reglint/internal/cli/analyze.go:74.2,74.18 1 0
github.com/iyaki/reglint/internal/cli/analyze.go:74.18,76.3 1 0
github.com/iyaki/reglint/internal/cli/analyze.go:78.2,78.50 1 0
github.com/iyaki/reglint/internal/cli/analyze.go:82.54,103.44 18 0
github.com/iyaki/reglint/internal/cli/analyze.go:103.44,105.3 1 0
github.com/iyaki/reglint/internal/cli/analyze.go:107.2,109.45 3 0
github.com/iyaki/reglint/internal/cli/analyze.go:109.45,111.3 1 0
github.com/iyaki/reglint/internal/cli/analyze.go:113.2,113.25 1 0
github.com/iyaki/reglint/internal/cli/analyze.go:113.25,115.3 1 0
github.com/iyaki/reglint/internal/cli/analyze.go:115.8,117.3 1 0
github.com/iyaki/reglint/internal/cli/analyze.go:119.2,120.74 2 0
github.com/iyaki/reglint/internal/cli/analyze.go:120.74,122.3 1 0
github.com/iyaki/reglint/internal/cli/analyze.go:123.2,124.16 2 0
github.com/iyaki/reglint/internal/cli/analyze.go:124.16,126.3 1 0
github.com/iyaki/reglint/internal/cli/analyze.go:127.2,129.51 2 0
github.com/iyaki/reglint/internal/cli/analyze.go:129.51,131.3 1 0
github.com/iyaki/reglint/internal/cli/analyze.go:133.2,133.17 1 0
github.com/iyaki/reglint/internal/cli/analyze.go:136.51,137.36 1 0
github.com/iyaki/reglint/internal/cli/analyze.go:137.36,139.3 1 0
github.com/iyaki/reglint/internal/cli/analyze.go:141.2,144.29 4 0
github.com/iyaki/reglint/internal/cli/analyze.go:144.29,146.19 2 0
github.com/iyaki/reglint/internal/cli/analyze.go:146.19,148.4 1 0
github.com/iyaki/reglint/internal/cli/analyze.go:149.3,149.32 1 0
github.com/iyaki/reglint/internal/cli/analyze.go:149.32,150.12 1 0
github.com/iyaki/reglint/internal/cli/analyze.go:152.3,153.34 2 0
github.com/iyaki/reglint/internal/cli/analyze.go:156.2,161.16 2 0
github.com/iyaki/reglint/internal/cli/analyze.go:161.16,163.3 1 0
github.com/iyaki/reglint/internal/cli/analyze.go:164.2,164.52 1 0
github.com/iyaki/reglint/internal/cli/analyze.go:164.52,166.3 1 0
github.com/iyaki/reglint/internal/cli/analyze.go:168.2,168.20 1 0
github.com/iyaki/reglint/internal/cli/analyze.go:171.46,172.59 1 0
github.com/iyaki/reglint/internal/cli/analyze.go:172.59,174.3 1 0
github.com/iyaki/reglint/internal/cli/analyze.go:175.2,175.26 1 0
github.com/iyaki/reglint/internal/cli/analyze.go:175.26,177.3 1 0
github.com/iyaki/reglint/internal/cli/analyze.go:178.2,178.31 1 0
github.com/iyaki/reglint/internal/cli/analyze.go:178.31,180.3 1 0
github.com/iyaki/reglint/internal/cli/analyze.go:181.2,181.70 1 0
github.com/iyaki/reglint/internal/cli/analyze.go:181.70,183.3 1 0
github.com/iyaki/reglint/internal/cli/analyze.go:184.2,184.49 1 0
github.com/iyaki/reglint/internal/cli/analyze.go:184.49,186.3 1 0
github.com/iyaki/reglint/internal/cli/analyze.go:188.2,188.12 1 0
github.com/iyaki/reglint/internal/cli/analyze.go:191.44,193.16 2 0
github.com/iyaki/reglint/internal/cli/analyze.go:193.16,195.3 1 0
github.com/iyaki/reglint/internal/cli/analyze.go:196.2,196.18 1 0
github.com/iyaki/reglint/internal/cli/analyze.go:196.18,198.3 1 0
github.com/iyaki/reglint/internal/cli/analyze.go:199.2,200.16 2 0
github.com/iyaki/reglint/internal/cli/analyze.go:200.16,202.3 1 0
github.com/iyaki/reglint/internal/cli/analyze.go:203.2,203.37 1 0
github.com/iyaki/reglint/internal/cli/analyze.go:203.37,205.3 1 0
github.com/iyaki/reglint/internal/cli/analyze.go:207.2,207.12 1 0
github.com/iyaki/reglint/internal/cli/analyze.go:210.44,211.27 1 0
github.com/iyaki/reglint/internal/cli/analyze.go:211.27,213.3 1 0
github.com/iyaki/reglint/internal/cli/analyze.go:215.2,215.37 1 0
github.com/iyaki/reglint/internal/cli/analyze.go:215.37,216.17 1 0
github.com/iyaki/reglint/internal/cli/analyze.go:217.15,218.25 1 0
github.com/iyaki/reglint/internal/cli/analyze.go:218.25,220.5 1 0
github.com/iyaki/reglint/internal/cli/analyze.go:221.16,222.26 1 0
github.com/iyaki/reglint/internal/cli/analyze.go:222.26,224.5 1 0
github.com/iyaki/reglint/internal/cli/analyze.go:228.2,228.38 1 0
github.com/iyaki/reglint/internal/cli/analyze.go:231.49,232.23 1 0
github.com/iyaki/reglint/internal/cli/analyze.go:232.23,233.57 1 0
github.com/iyaki/reglint/internal/cli/analyze.go:233.57,235.4 1 0
github.com/iyaki/reglint/internal/cli/analyze.go:237.2,237.24 1 0
github.com/iyaki/reglint/internal/cli/analyze.go:237.24,238.58 1 0
github.com/iyaki/reglint/internal/cli/analyze.go:238.58,240.4 1 0
github.com/iyaki/reglint/internal/cli/analyze.go:243.2,243.12 1 0
github.com/iyaki/reglint/internal/cli/analyze.go:246.44,248.16 2 0
github.com/iyaki/reglint/internal/cli/analyze.go:248.16,250.3 1 0
github.com/iyaki/reglint/internal/cli/analyze.go:251.2,251.37 1 0
github.com/iyaki/reglint/internal/cli/analyze.go:251.37,253.3 1 0
github.com/iyaki/reglint/internal/cli/analyze.go:255.2,256.35 2 0
github.com/iyaki/reglint/internal/cli/analyze.go:256.35,258.3 1 0
github.com/iyaki/reglint/internal/cli/analyze.go:259.2,259.43 1 0
github.com/iyaki/reglint/internal/cli/analyze.go:259.43,261.3 1 0
github.com/iyaki/reglint/internal/cli/analyze.go:263.2,263.54 1 0
github.com/iyaki/reglint/internal/cli/analyze.go:266.70,267.18 1 0
github.com/iyaki/reglint/internal/cli/analyze.go:267.18,269.3 1 0
github.com/iyaki/reglint/internal/cli/analyze.go:270.2,271.16 2 0
github.com/iyaki/reglint/internal/cli/analyze.go:271.16,273.3 1 0
github.com/iyaki/reglint/internal/cli/analyze.go:274.2,274.37 1 0
github.com/iyaki/reglint/internal/cli/analyze.go:274.37,276.3 1 0
github.com/iyaki/reglint/internal/cli/analyze.go:278.2,278.12 1 0
github.com/iyaki/reglint/internal/cli/analyze.go:281.65,283.16 2 0
github.com/iyaki/reglint/internal/cli/analyze.go:283.16,285.3 1 0
github.com/iyaki/reglint/internal/cli/analyze.go:286.2,287.38 2 0
github.com/iyaki/reglint/internal/cli/analyze.go:287.38,291.3 2 0
github.com/iyaki/reglint/internal/cli/analyze.go:292.2,292.40 1 0
github.com/iyaki/reglint/internal/cli/analyze.go:292.40,294.3 1 0
github.com/iyaki/reglint/internal/cli/analyze.go:296.2,296.12 1 0
github.com/iyaki/reglint/internal/cli/analyze.go:299.41,300.15 1 0
github.com/iyaki/reglint/internal/cli/analyze.go:301.44,302.14 1 0
github.com/iyaki/reglint/internal/cli/analyze.go:303.10,304.15 1 0
github.com/iyaki/reglint/internal/cli/analyze.go:309.82,327.2 5 0
github.com/iyaki/reglint/internal/cli/analyze.go:329.47,331.2 1 0
github.com/iyaki/reglint/internal/cli/analyze.go:333.93,335.16 2 0
github.com/iyaki/reglint/internal/cli/analyze.go:335.16,337.3 1 0
github.com/iyaki/reglint/internal/cli/analyze.go:339.2,340.16 2 0
github.com/iyaki/reglint/internal/cli/analyze.go:340.16,342.3 1 0
github.com/iyaki/reglint/internal/cli/analyze.go:344.2,346.16 3 0
github.com/iyaki/reglint/internal/cli/analyze.go:346.16,348.3 1 0
github.com/iyaki/reglint/internal/cli/analyze.go:350.2,350.61 1 0
github.com/iyaki/reglint/internal/cli/analyze.go:353.117,355.16 2 0
github.com/iyaki/reglint/internal/cli/analyze.go:355.16,357.3 1 0
github.com/iyaki/reglint/internal/cli/analyze.go:359.2,359.33 1 0
github.com/iyaki/reglint/internal/cli/analyze.go:359.33,361.17 2 0
github.com/iyaki/reglint/internal/cli/analyze.go:361.17,363.4 1 0
github.com/iyaki/reglint/internal/cli/analyze.go:364.3,364.76 1 0
github.com/iyaki/reglint/internal/cli/analyze.go:364.76,366.4 1 0
github.com/iyaki/reglint/internal/cli/analyze.go:369.2,369.12 1 0
github.com/iyaki/reglint/internal/cli/analyze.go:374.76,380.2 1 0
github.com/iyaki/reglint/internal/cli/analyze.go:388.9,389.26 1 0
github.com/iyaki/reglint/internal/cli/analyze.go:390.17,391.38 1 0
github.com/iyaki/reglint/internal/cli/analyze.go:392.14,393.43 1 0
github.com/iyaki/reglint/internal/cli/analyze.go:394.15,395.53 1 0
github.com/iyaki/reglint/internal/cli/analyze.go:396.10,397.60 1 0
github.com/iyaki/reglint/internal/cli/analyze.go:401.79,402.23 1 0
github.com/iyaki/reglint/internal/cli/analyze.go:402.23,403.28 1 0
github.com/iyaki/reglint/internal/cli/analyze.go:403.28,405.4 1 0
github.com/iyaki/reglint/internal/cli/analyze.go:407.3,407.39 1 0
github.com/iyaki/reglint/internal/cli/analyze.go:410.2,410.43 1 0
github.com/iyaki/reglint/internal/cli/analyze.go:413.102,414.24 1 0
github.com/iyaki/reglint/internal/cli/analyze.go:414.24,415.28 1 0
github.com/iyaki/reglint/internal/cli/analyze.go:415.28,417.4 1 0
github.com/iyaki/reglint/internal/cli/analyze.go:419.3,419.49 1 0
github.com/iyaki/reglint/internal/cli/analyze.go:422.2,422.54 1 0
github.com/iyaki/reglint/internal/cli/analyze.go:425.59,427.16 2 0
github.com/iyaki/reglint/internal/cli/analyze.go:427.16,429.3 1 0
github.com/iyaki/reglint/internal/cli/analyze.go:430.2,430.55 1 0
github.com/iyaki/reglint/internal/cli/analyze.go:430.55,434.3 2 0
github.com/iyaki/reglint/internal/cli/analyze.go:436.2,436.21 1 0
github.com/iyaki/reglint/internal/cli/analyze.go:439.82,441.16 2 0
github.com/iyaki/reglint/internal/cli/analyze.go:441.16,443.3 1 0
github.com/iyaki/reglint/internal/cli/analyze.go:444.2,444.65 1 0
github.com/iyaki/reglint/internal/cli/analyze.go:444.65,448.3 2 0
github.com/iyaki/reglint/internal/cli/analyze.go:450.2,450.21 1 0
github.com/iyaki/reglint/internal/cli/analyze.go:453.64,455.32 2 0
github.com/iyaki/reglint/internal/cli/analyze.go:455.32,456.48 1 0
github.com/iyaki/reglint/internal/cli/analyze.go:456.48,458.4 1 0
github.com/iyaki/reglint/internal/cli/analyze.go:461.2,461.14 1 0
github.com/iyaki/reglint/internal/cli/analyze.go:464.65,465.38 1 0
github.com/iyaki/reglint/internal/cli/analyze.go:465.38,467.3 1 0
github.com/iyaki/reglint/internal/cli/analyze.go:469.2,469.10 1 0
github.com/iyaki/reglint/internal/cli/analyze.go:480.37,481.15 1 0
github.com/iyaki/reglint/internal/cli/analyze.go:482.15,483.27 1 0
github.com/iyaki/reglint/internal/cli/analyze.go:484.17,485.29 1 0
github.com/iyaki/reglint/internal/cli/analyze.go:486.16,487.28 1 0
github.com/iyaki/reglint/internal/cli/analyze.go:488.14,489.26 1 0
github.com/iyaki/reglint/internal/cli/analyze.go:490.10,491.29 1 0
github.com/iyaki/reglint/internal/cli/analyze.go:495.66,496.26 1 0
github.com/iyaki/reglint/internal/cli/analyze.go:496.26,498.3 1 0
github.com/iyaki/reglint/internal/cli/analyze.go:499.2,499.26 1 0
github.com/iyaki/reglint/internal/cli/analyze.go:499.26,501.3 1 0
github.com/iyaki/reglint/internal/cli/analyze.go:502.2,502.30 1 0
github.com/iyaki/reglint/internal/cli/analyze.go:502.30,504.3 1 0
github.com/iyaki/reglint/internal/cli/analyze.go:505.2,505.23 1 0
github.com/iyaki/reglint/internal/cli/analyze.go:505.23,508.3 2 0
github.com/iyaki/reglint/internal/cli/analyze.go:511.76,512.52 1 0
github.com/iyaki/reglint/internal/cli/analyze.go:512.52,514.3 1 0
github.com/iyaki/reglint/internal/cli/analyze.go:516.2,517.39 2 0
github.com/iyaki/reglint/internal/cli/analyze.go:517.39,519.27 2 0
github.com/iyaki/reglint/internal/cli/analyze.go:519.27,521.4 1 0
github.com/iyaki/reglint/internal/cli/analyze.go:522.3,522.27 1 0
github.com/iyaki/reglint/internal/cli/analyze.go:522.27,524.4 1 0
github.com/iyaki/reglint/internal/cli/analyze.go:525.3,525.29 1 0
github.com/iyaki/reglint/internal/cli/analyze.go:528.2,528.23 1 0
github.com/iyaki/reglint/internal/cli/analyze.go:531.66,532.54 1 0
github.com/iyaki/reglint/internal/cli/analyze.go:532.54,534.3 1 0
github.com/iyaki/reglint/internal/cli/analyze.go:536.2,536.24 1 0
github.com/iyaki/reglint/internal/cli/analyze.go:539.43,540.19 1 0
github.com/iyaki/reglint/internal/cli/analyze.go:540.19,542.3 1 0
github.com/iyaki/reglint/internal/cli/analyze.go:544.2,544.16 1 0
github.com/iyaki/reglint/internal/cli/analyze.go:547.73,552.41 2 0
github.com/iyaki/reglint/internal/cli/analyze.go:552.41,554.3 1 0
github.com/iyaki/reglint/internal/cli/analyze.go:555.2,555.36 1 0
github.com/iyaki/reglint/internal/cli/analyze.go:555.36,557.3 1 0
github.com/iyaki/reglint/internal/cli/analyze.go:559.2,559.17 1 0
github.com/iyaki/reglint/internal/cli/analyze.go:562.63,564.42 2 0
github.com/iyaki/reglint/internal/cli/analyze.go:564.42,565.28 1 0
github.com/iyaki/reglint/internal/cli/analyze.go:565.28,567.4 1 0
github.com/iyaki/reglint/internal/cli/analyze.go:570.2,570.14 1 0
github.com/iyaki/reglint/internal/cli/cli.go:14.73,15.20 1 0
github.com/iyaki/reglint/internal/cli/cli.go:15.20,19.3 2 0
github.com/iyaki/reglint/internal/cli/cli.go:20.2,20.24 1 0
github.com/iyaki/reglint/internal/cli/cli.go:20.24,24.3 2 0
github.com/iyaki/reglint/internal/cli/cli.go:26.2,27.26 2 0
github.com/iyaki/reglint/internal/cli/cli.go:27.26,29.3 1 0
github.com/iyaki/reglint/internal/cli/cli.go:31.2,32.41 2 0
github.com/iyaki/reglint/internal/cli/cli.go:32.41,34.9 2 0
github.com/iyaki/reglint/internal/cli/cli.go:34.9,38.4 2 0
github.com/iyaki/reglint/internal/cli/cli.go:41.2,42.9 2 0
github.com/iyaki/reglint/internal/cli/cli.go:42.9,46.3 2 0
github.com/iyaki/reglint/internal/cli/cli.go:48.2,52.13 4 0
github.com/iyaki/reglint/internal/cli/cli.go:55.33,57.2 1 0
github.com/iyaki/reglint/internal/cli/cli.go:59.56,60.47 1 0
github.com/iyaki/reglint/internal/cli/cli.go:60.47,62.3 1 0
github.com/iyaki/reglint/internal/cli/cli.go:63.2,63.27 1 0
github.com/iyaki/reglint/internal/cli/cli.go:63.27,64.21 1 0
github.com/iyaki/reglint/internal/cli/cli.go:64.21,66.4 1 0
github.com/iyaki/reglint/internal/cli/cli.go:69.2,69.14 1 0
github.com/iyaki/reglint/internal/cli/help.go:26.50,27.14 1 0
github.com/iyaki/reglint/internal/cli/help.go:28.14,29.31 1 0
github.com/iyaki/reglint/internal/cli/help.go:30.17,31.34 1 0
github.com/iyaki/reglint/internal/cli/help.go:32.17,33.34 1 0
github.com/iyaki/reglint/internal/cli/help.go:34.14,35.31 1 0
github.com/iyaki/reglint/internal/cli/help.go:36.10,37.28 1 0
github.com/iyaki/reglint/internal/cli/help.go:41.53,43.35 2 0
github.com/iyaki/reglint/internal/cli/help.go:43.35,45.3 1 0
github.com/iyaki/reglint/internal/cli/help.go:47.2,47.26 1 0
github.com/iyaki/reglint/internal/cli/help.go:47.26,50.42 3 0
github.com/iyaki/reglint/internal/cli/help.go:50.42,52.4 1 0
github.com/iyaki/reglint/internal/cli/help.go:55.2,57.35 3 0
github.com/iyaki/reglint/internal/cli/help.go:57.35,59.3 1 0
github.com/iyaki/reglint/internal/cli/help.go:62.43,64.17 2 0
github.com/iyaki/reglint/internal/cli/help.go:64.17,72.3 1 0
github.com/iyaki/reglint/internal/cli/help.go:74.2,81.3 1 0
github.com/iyaki/reglint/internal/cli/help.go:84.30,89.2 1 0
github.com/iyaki/reglint/internal/cli/help.go:91.32,99.2 1 0
github.com/iyaki/reglint/internal/cli/help.go:101.35,108.2 1 0
github.com/iyaki/reglint/internal/cli/help.go:110.36,118.2 6 0
github.com/iyaki/reglint/internal/cli/help.go:120.40,138.2 1 0
github.com/iyaki/reglint/internal/cli/help.go:140.42,155.2 1 0
github.com/iyaki/reglint/internal/cli/help.go:157.42,172.2 1 0
github.com/iyaki/reglint/internal/cli/help.go:174.43,195.2 1 0
github.com/iyaki/reglint/internal/cli/help.go:197.42,206.2 1 0
github.com/iyaki/reglint/internal/cli/help.go:208.32,228.2 1 0
github.com/iyaki/reglint/internal/cli/help.go:230.26,238.2 1 0
github.com/iyaki/reglint/internal/cli/init.go:23.55,25.16 2 0
github.com/iyaki/reglint/internal/cli/init.go:25.16,29.3 2 0
github.com/iyaki/reglint/internal/cli/init.go:31.2,31.48 1 0
github.com/iyaki/reglint/internal/cli/init.go:31.48,35.3 2 0
github.com/iyaki/reglint/internal/cli/init.go:37.2,39.10 2 0
github.com/iyaki/reglint/internal/cli/init.go:43.55,52.44 6 0
github.com/iyaki/reglint/internal/cli/init.go:52.44,54.3 1 0
github.com/iyaki/reglint/internal/cli/init.go:56.2,56.45 1 0
github.com/iyaki/reglint/internal/cli/init.go:56.45,58.3 1 0
github.com/iyaki/reglint/internal/cli/init.go:60.2,60.17 1 0
github.com/iyaki/reglint/internal/cli/init.go:63.47,64.16 1 0
github.com/iyaki/reglint/internal/cli/init.go:64.16,65.52 1 0
github.com/iyaki/reglint/internal/cli/init.go:65.52,67.4 1 0
github.com/iyaki/reglint/internal/cli/init.go:67.9,67.33 1 0
github.com/iyaki/reglint/internal/cli/init.go:67.33,69.4 1 0
github.com/iyaki/reglint/internal/cli/init.go:72.2,72.87 1 0
github.com/iyaki/reglint/internal/cli/init.go:75.37,90.2 1 0
github.com/iyaki/reglint/internal/config/loader.go:13.48,15.16 2 25
github.com/iyaki/reglint/internal/config/loader.go:15.16,17.3 1 0
github.com/iyaki/reglint/internal/config/loader.go:19.2,20.55 2 25
github.com/iyaki/reglint/internal/config/loader.go:20.55,22.3 1 9
github.com/iyaki/reglint/internal/config/loader.go:24.2,24.49 1 16
github.com/iyaki/reglint/internal/config/loader.go:24.49,26.3 1 12
github.com/iyaki/reglint/internal/config/loader.go:28.2,28.21 1 4
github.com/iyaki/reglint/internal/config/loader.go:31.45,32.55 1 16
github.com/iyaki/reglint/internal/config/loader.go:32.55,34.3 1 7
github.com/iyaki/reglint/internal/config/loader.go:36.2,36.37 1 9
github.com/iyaki/reglint/internal/config/loader.go:39.51,40.29 1 16
github.com/iyaki/reglint/internal/config/loader.go:40.29,42.3 1 1
github.com/iyaki/reglint/internal/config/loader.go:43.2,43.64 1 15
github.com/iyaki/reglint/internal/config/loader.go:43.64,45.3 1 1
github.com/iyaki/reglint/internal/config/loader.go:46.2,46.61 1 14
github.com/iyaki/reglint/internal/config/loader.go:46.61,48.3 1 2
github.com/iyaki/reglint/internal/config/loader.go:49.2,49.53 1 12
github.com/iyaki/reglint/internal/config/loader.go:49.53,51.3 1 3
github.com/iyaki/reglint/internal/config/loader.go:53.2,53.12 1 9
github.com/iyaki/reglint/internal/config/loader.go:56.40,57.29 1 9
github.com/iyaki/reglint/internal/config/loader.go:57.29,58.47 1 9
github.com/iyaki/reglint/internal/config/loader.go:58.47,60.4 1 5
github.com/iyaki/reglint/internal/config/loader.go:63.2,63.12 1 4
github.com/iyaki/reglint/internal/config/loader.go:66.47,67.43 1 9
github.com/iyaki/reglint/internal/config/loader.go:67.43,69.3 1 2
github.com/iyaki/reglint/internal/config/loader.go:70.2,70.41 1 7
github.com/iyaki/reglint/internal/config/loader.go:70.41,72.3 1 1
github.com/iyaki/reglint/internal/config/loader.go:73.2,73.71 1 6
github.com/iyaki/reglint/internal/config/loader.go:73.71,75.3 1 0
github.com/iyaki/reglint/internal/config/loader.go:76.2,76.75 1 6
github.com/iyaki/reglint/internal/config/loader.go:76.75,78.3 1 0
github.com/iyaki/reglint/internal/config/loader.go:79.2,79.54 1 6
github.com/iyaki/reglint/internal/config/loader.go:79.54,81.3 1 1
github.com/iyaki/reglint/internal/config/loader.go:82.2,82.60 1 5
github.com/iyaki/reglint/internal/config/loader.go:82.60,84.3 1 1
github.com/iyaki/reglint/internal/config/loader.go:86.2,86.12 1 4
github.com/iyaki/reglint/internal/config/loader.go:89.41,90.15 1 4
github.com/iyaki/reglint/internal/config/loader.go:91.44,92.14 1 2
github.com/iyaki/reglint/internal/config/loader.go:93.10,94.15 1 2
github.com/iyaki/reglint/internal/config/loader.go:98.73,99.31 1 12
github.com/iyaki/reglint/internal/config/loader.go:99.31,100.37 1 0
github.com/iyaki/reglint/internal/config/loader.go:100.37,102.4 1 0
github.com/iyaki/reglint/internal/config/loader.go:105.2,105.12 1 12
github.com/iyaki/reglint/internal/config/loader.go:108.49,110.44 2 12
github.com/iyaki/reglint/internal/config/loader.go:110.44,112.17 2 4
github.com/iyaki/reglint/internal/config/loader.go:112.17,114.4 1 1
github.com/iyaki/reglint/internal/config/loader.go:115.3,115.39 1 3
github.com/iyaki/reglint/internal/config/loader.go:115.39,117.4 1 1
github.com/iyaki/reglint/internal/config/loader.go:118.3,118.30 1 2
github.com/iyaki/reglint/internal/config/loader.go:118.30,120.4 1 1
github.com/iyaki/reglint/internal/config/loader.go:121.3,121.26 1 1
github.com/iyaki/reglint/internal/config/loader.go:124.2,124.12 1 9
github.com/iyaki/reglint/internal/config/rules.go:18.40,20.20 2 4
github.com/iyaki/reglint/internal/config/rules.go:20.20,22.3 1 3
github.com/iyaki/reglint/internal/config/rules.go:24.2,25.21 2 4
github.com/iyaki/reglint/internal/config/rules.go:25.21,27.3 1 3
github.com/iyaki/reglint/internal/config/rules.go:29.2,37.3 2 4
github.com/iyaki/reglint/internal/config/rules.go:41.48,50.33 2 4
github.com/iyaki/reglint/internal/config/rules.go:50.33,52.3 1 3
github.com/iyaki/reglint/internal/config/rules.go:53.2,53.33 1 4
github.com/iyaki/reglint/internal/config/rules.go:53.33,55.3 1 3
github.com/iyaki/reglint/internal/config/rules.go:56.2,56.34 1 4
github.com/iyaki/reglint/internal/config/rules.go:56.34,59.3 2 4
github.com/iyaki/reglint/internal/config/rules.go:61.2,61.28 1 4
github.com/iyaki/reglint/internal/config/rules.go:61.28,63.38 2 4
github.com/iyaki/reglint/internal/config/rules.go:63.38,66.28 3 4
github.com/iyaki/reglint/internal/config/rules.go:66.28,68.5 1 3
github.com/iyaki/reglint/internal/config/rules.go:69.4,69.30 1 4
github.com/iyaki/reglint/internal/config/rules.go:69.30,71.5 1 3
github.com/iyaki/reglint/internal/config/rules.go:72.4,72.38 1 4
github.com/iyaki/reglint/internal/config/rules.go:76.2,76.18 1 4
github.com/iyaki/reglint/internal/config/string_list.go:13.60,14.21 1 11
github.com/iyaki/reglint/internal/config/string_list.go:14.21,16.3 1 0
github.com/iyaki/reglint/internal/config/string_list.go:17.2,17.60 1 11
github.com/iyaki/reglint/internal/config/string_list.go:17.60,19.3 1 0
github.com/iyaki/reglint/internal/config/string_list.go:20.2,20.37 1 11
github.com/iyaki/reglint/internal/config/string_list.go:20.37,22.3 1 4
github.com/iyaki/reglint/internal/config/string_list.go:24.2,25.37 2 7
github.com/iyaki/reglint/internal/config/string_list.go:25.37,26.58 1 8
github.com/iyaki/reglint/internal/config/string_list.go:26.58,28.4 1 4
github.com/iyaki/reglint/internal/config/string_list.go:29.3,29.24 1 4
github.com/iyaki/reglint/internal/config/string_list.go:32.2,34.12 2 3
github.com/iyaki/reglint/internal/ignore/loader.go:11.62,14.38 3 0
github.com/iyaki/reglint/internal/ignore/loader.go:14.38,16.3 1 0
github.com/iyaki/reglint/internal/ignore/loader.go:18.2,18.26 1 0
github.com/iyaki/reglint/internal/ignore/loader.go:28.59,33.2 1 0
github.com/iyaki/reglint/internal/ignore/loader.go:35.42,36.96 1 0
github.com/iyaki/reglint/internal/ignore/loader.go:36.96,37.17 1 0
github.com/iyaki/reglint/internal/ignore/loader.go:37.17,39.4 1 0
github.com/iyaki/reglint/internal/ignore/loader.go:40.3,40.21 1 0
github.com/iyaki/reglint/internal/ignore/loader.go:40.21,42.4 1 0
github.com/iyaki/reglint/internal/ignore/loader.go:43.3,45.13 2 0
github.com/iyaki/reglint/internal/ignore/loader.go:46.17,48.3 1 0
github.com/iyaki/reglint/internal/ignore/loader.go:50.2,52.47 2 0
github.com/iyaki/reglint/internal/ignore/loader.go:52.47,54.17 2 0
github.com/iyaki/reglint/internal/ignore/loader.go:54.17,56.4 1 0
github.com/iyaki/reglint/internal/ignore/loader.go:57.3,58.21 2 0
github.com/iyaki/reglint/internal/ignore/loader.go:58.21,60.4 1 0
github.com/iyaki/reglint/internal/ignore/loader.go:61.3,61.66 1 0
github.com/iyaki/reglint/internal/ignore/loader.go:61.66,63.4 1 0
github.com/iyaki/reglint/internal/ignore/loader.go:66.2,66.12 1 0
github.com/iyaki/reglint/internal/ignore/loader.go:69.83,71.19 2 0
github.com/iyaki/reglint/internal/ignore/loader.go:71.19,73.3 1 0
github.com/iyaki/reglint/internal/ignore/loader.go:74.2,74.40 1 0
github.com/iyaki/reglint/internal/ignore/loader.go:74.40,77.17 3 0
github.com/iyaki/reglint/internal/ignore/loader.go:77.17,78.26 1 0
github.com/iyaki/reglint/internal/ignore/loader.go:78.26,79.13 1 0
github.com/iyaki/reglint/internal/ignore/loader.go:82.4,82.14 1 0
github.com/iyaki/reglint/internal/ignore/loader.go:84.3,84.19 1 0
github.com/iyaki/reglint/internal/ignore/loader.go:84.19,85.12 1 0
github.com/iyaki/reglint/internal/ignore/loader.go:87.3,88.20 2 0
github.com/iyaki/reglint/internal/ignore/loader.go:88.20,90.4 1 0
github.com/iyaki/reglint/internal/ignore/loader.go:91.3,92.17 2 0
github.com/iyaki/reglint/internal/ignore/loader.go:92.17,94.4 1 0
github.com/iyaki/reglint/internal/ignore/loader.go:95.3,96.17 2 0
github.com/iyaki/reglint/internal/ignore/loader.go:96.17,98.4 1 0
github.com/iyaki/reglint/internal/ignore/loader.go:99.3,99.48 1 0
github.com/iyaki/reglint/internal/ignore/loader.go:102.2,102.12 1 0
github.com/iyaki/reglint/internal/ignore/matcher.go:17.46,21.2 2 0
github.com/iyaki/reglint/internal/ignore/matcher.go:24.74,28.2 2 0
github.com/iyaki/reglint/internal/ignore/matcher.go:31.75,33.20 2 0
github.com/iyaki/reglint/internal/ignore/matcher.go:33.20,35.3 1 0
github.com/iyaki/reglint/internal/ignore/matcher.go:37.2,38.37 2 0
github.com/iyaki/reglint/internal/ignore/matcher.go:38.37,40.17 2 0
github.com/iyaki/reglint/internal/ignore/matcher.go:40.17,42.4 1 0
github.com/iyaki/reglint/internal/ignore/matcher.go:43.3,43.14 1 0
github.com/iyaki/reglint/internal/ignore/matcher.go:43.14,45.4 1 0
github.com/iyaki/reglint/internal/ignore/matcher.go:48.2,48.21 1 0
github.com/iyaki/reglint/internal/ignore/matcher.go:51.81,52.34 1 0
github.com/iyaki/reglint/internal/ignore/matcher.go:52.34,54.3 1 0
github.com/iyaki/reglint/internal/ignore/matcher.go:56.2,56.33 1 0
github.com/iyaki/reglint/internal/ignore/matcher.go:59.74,61.38 2 0
github.com/iyaki/reglint/internal/ignore/matcher.go:61.38,63.3 1 0
github.com/iyaki/reglint/internal/ignore/matcher.go:65.2,66.38 2 0
github.com/iyaki/reglint/internal/ignore/matcher.go:66.38,69.17 3 0
github.com/iyaki/reglint/internal/ignore/matcher.go:69.17,71.4 1 0
github.com/iyaki/reglint/internal/ignore/matcher.go:72.3,72.14 1 0
github.com/iyaki/reglint/internal/ignore/matcher.go:72.14,74.4 1 0
github.com/iyaki/reglint/internal/ignore/matcher.go:77.2,77.19 1 0
github.com/iyaki/reglint/internal/ignore/matcher.go:80.63,82.9 2 0
github.com/iyaki/reglint/internal/ignore/matcher.go:82.9,84.3 1 0
github.com/iyaki/reglint/internal/ignore/matcher.go:85.2,85.15 1 0
github.com/iyaki/reglint/internal/ignore/matcher.go:85.15,87.3 1 0
github.com/iyaki/reglint/internal/ignore/matcher.go:89.2,90.37 2 0
github.com/iyaki/reglint/internal/ignore/matcher.go:90.37,94.3 2 0
github.com/iyaki/reglint/internal/ignore/matcher.go:95.2,95.36 1 0
github.com/iyaki/reglint/internal/ignore/matcher.go:95.36,97.3 1 0
github.com/iyaki/reglint/internal/ignore/matcher.go:99.2,101.47 2 0
github.com/iyaki/reglint/internal/ignore/matcher.go:104.65,105.37 1 0
github.com/iyaki/reglint/internal/ignore/matcher.go:105.37,107.3 1 0
github.com/iyaki/reglint/internal/ignore/matcher.go:109.2,110.24 2 0
github.com/iyaki/reglint/internal/ignore/matcher.go:110.24,112.3 1 0
github.com/iyaki/reglint/internal/ignore/matcher.go:113.2,113.45 1 0
github.com/iyaki/reglint/internal/ignore/matcher.go:113.45,115.3 1 0
[...]
github.com/iyaki/reglint/internal/output/json.go:49.3,49.38 1 0
github.com/iyaki/reglint/internal/output/json.go:49.38,51.4 1 0
github.com/iyaki/reglint/internal/output/json.go:53.3,53.38 1 0
github.com/iyaki/reglint/internal/output/json.go:56.2,57.16 2 4
github.com/iyaki/reglint/internal/output/json.go:57.16,59.3 1 1
github.com/iyaki/reglint/internal/output/json.go:61.2,70.32 4 3
github.com/iyaki/reglint/internal/output/json.go:77.36,79.2 1 61
github.com/iyaki/reglint/internal/output/json.go:82.69,84.2 1 0
github.com/iyaki/reglint/internal/output/json.go:86.66,87.23 1 4
github.com/iyaki/reglint/internal/output/json.go:87.23,89.3 1 2
github.com/iyaki/reglint/internal/output/json.go:91.2,92.32 2 2
github.com/iyaki/reglint/internal/output/json.go:92.32,94.17 2 2
github.com/iyaki/reglint/internal/output/json.go:94.17,96.4 1 1
github.com/iyaki/reglint/internal/output/json.go:97.3,105.4 1 1
github.com/iyaki/reglint/internal/output/json.go:108.2,108.23 1 1
github.com/iyaki/reglint/internal/output/json.go:111.49,118.2 1 3
github.com/iyaki/reglint/internal/output/registry.go:14.62,16.39 2 66
github.com/iyaki/reglint/internal/output/registry.go:16.39,17.23 1 187
github.com/iyaki/reglint/internal/output/registry.go:17.23,19.4 1 1
github.com/iyaki/reglint/internal/output/registry.go:20.3,21.17 2 186
github.com/iyaki/reglint/internal/output/registry.go:21.17,23.4 1 1
github.com/iyaki/reglint/internal/output/registry.go:24.3,24.36 1 185
github.com/iyaki/reglint/internal/output/registry.go:24.36,26.4 1 0
github.com/iyaki/reglint/internal/output/registry.go:27.3,27.41 1 185
github.com/iyaki/reglint/internal/output/registry.go:27.41,29.4 1 0
github.com/iyaki/reglint/internal/output/registry.go:30.3,30.28 1 185
github.com/iyaki/reglint/internal/output/registry.go:33.2,33.41 1 64
github.com/iyaki/reglint/internal/output/registry.go:37.65,39.29 2 51
github.com/iyaki/reglint/internal/output/registry.go:39.29,41.10 2 54
github.com/iyaki/reglint/internal/output/registry.go:41.10,43.4 1 2
github.com/iyaki/reglint/internal/output/registry.go:44.3,44.41 1 52
github.com/iyaki/reglint/internal/output/registry.go:47.2,47.22 1 49
github.com/iyaki/reglint/internal/output/registry.go:51.64,53.9 2 13
github.com/iyaki/reglint/internal/output/registry.go:53.9,55.3 1 3
github.com/iyaki/reglint/internal/output/registry.go:57.2,57.23 1 10
github.com/iyaki/reglint/internal/output/sarif.go:30.80,32.42 2 3
github.com/iyaki/reglint/internal/output/sarif.go:32.42,35.38 3 0
github.com/iyaki/reglint/internal/output/sarif.go:35.38,37.4 1 0
github.com/iyaki/reglint/internal/output/sarif.go:38.3,38.30 1 0
github.com/iyaki/reglint/internal/output/sarif.go:38.30,40.4 1 0
github.com/iyaki/reglint/internal/output/sarif.go:41.3,41.34 1 0
github.com/iyaki/reglint/internal/output/sarif.go:41.34,43.4 1 0
github.com/iyaki/reglint/internal/output/sarif.go:44.3,44.38 1 0
github.com/iyaki/reglint/internal/output/sarif.go:44.38,46.4 1 0
github.com/iyaki/reglint/internal/output/sarif.go:48.3,48.38 1 0
github.com/iyaki/reglint/internal/output/sarif.go:51.2,52.16 2 3
github.com/iyaki/reglint/internal/output/sarif.go:52.16,54.3 1 0
github.com/iyaki/reglint/internal/output/sarif.go:55.2,59.31 4 3
github.com/iyaki/reglint/internal/output/sarif.go:59.31,63.3 3 3
github.com/iyaki/reglint/internal/output/sarif.go:65.2,65.32 1 3
github.com/iyaki/reglint/internal/output/sarif.go:65.32,80.3 9 1
github.com/iyaki/reglint/internal/output/sarif.go:82.2,84.32 2 3
github.com/iyaki/reglint/internal/output/sarif.go:93.37,95.2 1 61
github.com/iyaki/reglint/internal/output/sarif.go:98.80,100.2 1 0
github.com/iyaki/reglint/internal/output/sarif.go:102.40,106.2 2 1
github.com/iyaki/reglint/internal/output/sarif.go:108.39,110.2 1 4
github.com/iyaki/reglint/internal/output/sarif.go:112.40,114.15 2 4
github.com/iyaki/reglint/internal/output/sarif.go:114.15,116.3 1 0
github.com/iyaki/reglint/internal/output/sarif.go:117.2,117.26 1 4
github.com/iyaki/reglint/internal/output/sarif.go:117.26,119.3 1 0
github.com/iyaki/reglint/internal/output/sarif.go:121.2,121.28 1 4
github.com/iyaki/reglint/internal/output/sarif.go:124.37,125.27 1 4
github.com/iyaki/reglint/internal/output/sarif.go:125.27,127.3 1 4
github.com/iyaki/reglint/internal/output/sarif.go:128.2,128.27 1 0
github.com/iyaki/reglint/internal/output/sarif.go:128.27,130.3 1 0
github.com/iyaki/reglint/internal/output/sarif.go:131.2,131.27 1 0
github.com/iyaki/reglint/internal/output/sarif.go:131.27,133.3 1 0
github.com/iyaki/reglint/internal/output/sarif.go:135.2,135.20 1 0
github.com/iyaki/reglint/internal/output/sarif.go:138.29,140.2 1 4
github.com/iyaki/reglint/internal/output/sarif.go:142.41,143.18 1 1
github.com/iyaki/reglint/internal/output/sarif.go:144.15,145.17 1 0
github.com/iyaki/reglint/internal/output/sarif.go:146.17,147.19 1 0
github.com/iyaki/reglint/internal/output/sarif.go:148.24,149.16 1 0
github.com/iyaki/reglint/internal/output/sarif.go:150.10,151.16 1 1
github.com/iyaki/reglint/internal/output/sarif.go:155.43,156.16 1 1
github.com/iyaki/reglint/internal/output/sarif.go:156.16,158.3 1 1
github.com/iyaki/reglint/internal/output/sarif.go:160.2,160.37 1 0
github.com/iyaki/reglint/internal/rules/model.go:31.67,32.19 1 2
github.com/iyaki/reglint/internal/rules/model.go:32.19,34.3 1 0
github.com/iyaki/reglint/internal/rules/model.go:36.2,38.36 3 2
github.com/iyaki/reglint/internal/rules/model.go:38.36,39.24 1 26
github.com/iyaki/reglint/internal/rules/model.go:39.24,42.12 2 24
github.com/iyaki/reglint/internal/rules/model.go:44.3,44.26 1 2
github.com/iyaki/reglint/internal/rules/model.go:44.26,47.12 2 0
github.com/iyaki/reglint/internal/rules/model.go:50.3,51.18 2 2
github.com/iyaki/reglint/internal/rules/model.go:51.18,55.12 3 0
github.com/iyaki/reglint/internal/rules/model.go:57.3,57.31 1 2
github.com/iyaki/reglint/internal/rules/model.go:57.31,60.12 2 0
github.com/iyaki/reglint/internal/rules/model.go:63.3,66.28 3 2
github.com/iyaki/reglint/internal/rules/model.go:66.28,68.4 1 2
github.com/iyaki/reglint/internal/rules/model.go:71.2,71.25 1 2
github.com/iyaki/reglint/internal/rules/model.go:74.43,77.28 3 2
github.com/iyaki/reglint/internal/rules/model.go:77.28,79.33 2 2
github.com/iyaki/reglint/internal/rules/model.go:79.33,80.9 1 0
github.com/iyaki/reglint/internal/rules/model.go:82.3,83.13 2 2
github.com/iyaki/reglint/internal/rules/model.go:86.2,86.24 1 2
github.com/iyaki/reglint/internal/scan/engine.go:36.26,40.29 3 6
github.com/iyaki/reglint/internal/scan/engine.go:40.29,42.90 2 6
github.com/iyaki/reglint/internal/scan/engine.go:42.90,43.18 1 11
github.com/iyaki/reglint/internal/scan/engine.go:43.18,45.5 1 0
github.com/iyaki/reglint/internal/scan/engine.go:46.4,46.21 1 11
github.com/iyaki/reglint/internal/scan/engine.go:46.21,48.5 1 6
github.com/iyaki/reglint/internal/scan/engine.go:50.4,51.18 2 5
github.com/iyaki/reglint/internal/scan/engine.go:51.18,53.5 1 0
github.com/iyaki/reglint/internal/scan/engine.go:54.4,55.22 2 5
github.com/iyaki/reglint/internal/scan/engine.go:55.22,57.5 1 0
github.com/iyaki/reglint/internal/scan/engine.go:59.4,68.18 2 5
github.com/iyaki/reglint/internal/scan/engine.go:68.18,70.5 1 0
github.com/iyaki/reglint/internal/scan/engine.go:71.4,71.19 1 5
github.com/iyaki/reglint/internal/scan/engine.go:71.19,75.5 2 0
github.com/iyaki/reglint/internal/scan/engine.go:76.4,76.16 1 5
github.com/iyaki/reglint/internal/scan/engine.go:76.16,78.5 1 5
github.com/iyaki/reglint/internal/scan/engine.go:80.4,80.14 1 5
github.com/iyaki/reglint/internal/scan/engine.go:81.18,83.4 1 0
github.com/iyaki/reglint/internal/scan/engine.go:86.2,88.28 2 6
github.com/iyaki/reglint/internal/scan/engine.go:117.43,121.16 3 7
github.com/iyaki/reglint/internal/scan/engine.go:121.16,123.3 1 1
github.com/iyaki/reglint/internal/scan/engine.go:125.2,126.16 2 6
github.com/iyaki/reglint/internal/scan/engine.go:126.16,128.3 1 0
github.com/iyaki/reglint/internal/scan/engine.go:130.2,131.16 2 6
github.com/iyaki/reglint/internal/scan/engine.go:131.16,133.3 1 0
github.com/iyaki/reglint/internal/scan/engine.go:134.2,148.20 4 6
github.com/iyaki/reglint/internal/scan/engine.go:151.88,154.23 3 7
github.com/iyaki/reglint/internal/scan/engine.go:154.23,156.3 1 1
github.com/iyaki/reglint/internal/scan/engine.go:158.2,159.16 2 6
github.com/iyaki/reglint/internal/scan/engine.go:159.16,161.3 1 0
github.com/iyaki/reglint/internal/scan/engine.go:163.2,164.16 2 6
github.com/iyaki/reglint/internal/scan/engine.go:164.16,166.3 1 0
github.com/iyaki/reglint/internal/scan/engine.go:168.2,168.48 1 6
github.com/iyaki/reglint/internal/scan/engine.go:170.108,176.22 5 6
github.com/iyaki/reglint/internal/scan/engine.go:176.22,178.3 1 1
github.com/iyaki/reglint/internal/scan/engine.go:180.2,184.35 4 5
github.com/iyaki/reglint/internal/scan/engine.go:184.35,185.13 1 5
github.com/iyaki/reglint/internal/scan/engine.go:185.13,186.30 1 5
github.com/iyaki/reglint/internal/scan/engine.go:186.30,189.5 2 5
github.com/iyaki/reglint/internal/scan/engine.go:193.2,193.12 1 5
github.com/iyaki/reglint/internal/scan/engine.go:193.12,194.37 1 5
github.com/iyaki/reglint/internal/scan/engine.go:194.37,196.4 1 5
github.com/iyaki/reglint/internal/scan/engine.go:197.3,197.17 1 5
github.com/iyaki/reglint/internal/scan/engine.go:200.2,201.36 2 5
github.com/iyaki/reglint/internal/scan/engine.go:201.36,204.3 2 5
github.com/iyaki/reglint/internal/scan/engine.go:206.2,206.33 1 5
github.com/iyaki/reglint/internal/scan/engine.go:206.33,207.24 1 5
github.com/iyaki/reglint/internal/scan/engine.go:207.24,209.4 1 0
github.com/iyaki/reglint/internal/scan/engine.go:210.3,210.22 1 5
github.com/iyaki/reglint/internal/scan/engine.go:210.22,213.12 2 0
github.com/iyaki/reglint/internal/scan/engine.go:215.3,216.47 2 5
github.com/iyaki/reglint/internal/scan/engine.go:219.2,219.49 1 5
github.com/iyaki/reglint/internal/scan/engine.go:222.100,223.26 1 6
github.com/iyaki/reglint/internal/scan/engine.go:223.26,225.3 1 0
github.com/iyaki/reglint/internal/scan/engine.go:227.2,229.28 2 6
github.com/iyaki/reglint/internal/scan/engine.go:232.101,237.36 4 1
github.com/iyaki/reglint/internal/scan/engine.go:237.36,239.24 2 0
github.com/iyaki/reglint/internal/scan/engine.go:239.24,241.4 1 0
github.com/iyaki/reglint/internal/scan/engine.go:242.3,242.22 1 0
github.com/iyaki/reglint/internal/scan/engine.go:242.22,245.12 2 0
github.com/iyaki/reglint/internal/scan/engine.go:247.3,248.47 2 0
github.com/iyaki/reglint/internal/scan/engine.go:251.2,251.49 1 1
github.com/iyaki/reglint/internal/scan/engine.go:254.90,257.16 3 5
github.com/iyaki/reglint/internal/scan/engine.go:257.16,259.3 1 0
github.com/iyaki/reglint/internal/scan/engine.go:260.2,263.32 3 5
github.com/iyaki/reglint/internal/scan/engine.go:263.32,265.17 2 5
github.com/iyaki/reglint/internal/scan/engine.go:265.17,267.4 1 0
github.com/iyaki/reglint/internal/scan/engine.go:268.3,268.13 1 5
github.com/iyaki/reglint/internal/scan/engine.go:268.13,269.12 1 0
github.com/iyaki/reglint/internal/scan/engine.go:272.3,273.33 2 5
github.com/iyaki/reglint/internal/scan/engine.go:273.33,288.4 4 2
github.com/iyaki/reglint/internal/scan/engine.go:291.2,296.3 1 5
github.com/iyaki/reglint/internal/scan/engine.go:299.93,300.45 1 6
github.com/iyaki/reglint/internal/scan/engine.go:300.45,302.3 1 1
github.com/iyaki/reglint/internal/scan/engine.go:304.2,304.23 1 5
github.com/iyaki/reglint/internal/scan/engine.go:304.23,306.3 1 0
github.com/iyaki/reglint/internal/scan/engine.go:308.2,308.21 1 5
github.com/iyaki/reglint/internal/scan/engine.go:311.27,312.11 1 5
github.com/iyaki/reglint/internal/scan/engine.go:312.11,314.3 1 0
github.com/iyaki/reglint/internal/scan/engine.go:316.2,316.10 1 5
github.com/iyaki/reglint/internal/scan/engine.go:325.29,329.29 3 6
github.com/iyaki/reglint/internal/scan/engine.go:329.29,332.17 3 6
github.com/iyaki/reglint/internal/scan/engine.go:332.17,334.4 1 0
github.com/iyaki/reglint/internal/scan/engine.go:335.3,335.13 1 6
github.com/iyaki/reglint/internal/scan/engine.go:335.13,339.12 3 0
github.com/iyaki/reglint/internal/scan/engine.go:342.3,343.17 2 6
github.com/iyaki/reglint/internal/scan/engine.go:343.17,345.4 1 0
github.com/iyaki/reglint/internal/scan/engine.go:346.3,347.33 2 6
github.com/iyaki/reglint/internal/scan/engine.go:347.33,349.4 1 5
github.com/iyaki/reglint/internal/scan/engine.go:352.2,352.42 1 6
github.com/iyaki/reglint/internal/scan/engine.go:352.42,353.47 1 0
github.com/iyaki/reglint/internal/scan/engine.go:353.47,355.4 1 0
github.com/iyaki/reglint/internal/scan/engine.go:357.3,357.43 1 0
github.com/iyaki/reglint/internal/scan/engine.go:360.2,360.30 1 6
github.com/iyaki/reglint/internal/scan/engine.go:369.35,371.16 2 6
github.com/iyaki/reglint/internal/scan/engine.go:371.16,373.3 1 0
github.com/iyaki/reglint/internal/scan/engine.go:374.2,374.18 1 6
github.com/iyaki/reglint/internal/scan/engine.go:374.18,376.3 1 6
github.com/iyaki/reglint/internal/scan/engine.go:378.2,380.16 3 0
github.com/iyaki/reglint/internal/scan/engine.go:380.16,382.3 1 0
github.com/iyaki/reglint/internal/scan/engine.go:383.2,394.16 4 0
github.com/iyaki/reglint/internal/scan/engine.go:394.16,396.3 1 0
github.com/iyaki/reglint/internal/scan/engine.go:397.2,397.17 1 0
github.com/iyaki/reglint/internal/scan/engine.go:397.17,399.3 1 0
github.com/iyaki/reglint/internal/scan/engine.go:400.2,400.14 1 0
github.com/iyaki/reglint/internal/scan/engine.go:400.14,402.3 1 0
github.com/iyaki/reglint/internal/scan/engine.go:404.2,404.26 1 0
github.com/iyaki/reglint/internal/scan/engine.go:407.116,409.32 2 6
github.com/iyaki/reglint/internal/scan/engine.go:409.32,410.42 1 6
github.com/iyaki/reglint/internal/scan/engine.go:410.42,412.4 1 0
github.com/iyaki/reglint/internal/scan/engine.go:413.3,414.17 2 6
github.com/iyaki/reglint/internal/scan/engine.go:414.17,416.4 1 0
github.com/iyaki/reglint/internal/scan/engine.go:417.3,417.22 1 6
github.com/iyaki/reglint/internal/scan/engine.go:417.22,419.4 1 6
github.com/iyaki/reglint/internal/scan/engine.go:420.3,421.22 2 6
github.com/iyaki/reglint/internal/scan/engine.go:421.22,423.4 1 0
github.com/iyaki/reglint/internal/scan/engine.go:424.3,425.24 2 6
github.com/iyaki/reglint/internal/scan/engine.go:425.24,427.4 1 0
github.com/iyaki/reglint/internal/scan/engine.go:428.3,433.4 1 6
github.com/iyaki/reglint/internal/scan/engine.go:436.2,436.22 1 6
github.com/iyaki/reglint/internal/scan/engine.go:439.58,442.29 3 2
github.com/iyaki/reglint/internal/scan/engine.go:442.29,445.31 3 2
github.com/iyaki/reglint/internal/scan/engine.go:445.31,448.12 2 0
github.com/iyaki/reglint/internal/scan/engine.go:450.3,450.35 1 2
github.com/iyaki/reglint/internal/scan/engine.go:453.2,453.17 1 2
github.com/iyaki/reglint/internal/scan/engine.go:456.68,459.38 3 2
github.com/iyaki/reglint/internal/scan/engine.go:459.38,460.23 1 2
github.com/iyaki/reglint/internal/scan/engine.go:460.23,461.9 1 2
github.com/iyaki/reglint/internal/scan/engine.go:463.3,463.24 1 0
github.com/iyaki/reglint/internal/scan/engine.go:463.24,467.12 3 0
github.com/iyaki/reglint/internal/scan/engine.go:469.3,469.11 1 0
github.com/iyaki/reglint/internal/scan/engine.go:472.2,472.21 1 2
github.com/iyaki/reglint/internal/scan/engine.go:475.35,476.42 1 6
github.com/iyaki/reglint/internal/scan/engine.go:476.42,479.38 3 0
github.com/iyaki/reglint/internal/scan/engine.go:479.38,481.4 1 0
github.com/iyaki/reglint/internal/scan/engine.go:482.3,482.30 1 0
github.com/iyaki/reglint/internal/scan/engine.go:482.30,484.4 1 0
github.com/iyaki/reglint/internal/scan/engine.go:485.3,485.30 1 0
github.com/iyaki/reglint/internal/scan/engine.go:485.30,487.4 1 0
github.com/iyaki/reglint/internal/scan/engine.go:488.3,488.34 1 0
github.com/iyaki/reglint/internal/scan/engine.go:488.34,490.4 1 0
github.com/iyaki/reglint/internal/scan/engine.go:491.3,491.38 1 0
github.com/iyaki/reglint/internal/scan/engine.go:491.38,493.4 1 0
github.com/iyaki/reglint/internal/scan/engine.go:495.3,495.38 1 0
github.com/iyaki/reglint/internal/scan/engine.go:507.37,508.15 1 0
github.com/iyaki/reglint/internal/scan/engine.go:509.15,510.27 1 0
github.com/iyaki/reglint/internal/scan/engine.go:511.17,512.29 1 0
github.com/iyaki/reglint/internal/scan/engine.go:513.16,514.28 1 0
github.com/iyaki/reglint/internal/scan/engine.go:515.14,516.26 1 0
github.com/iyaki/reglint/internal/scan/engine.go:517.10,518.29 1 0
github.com/iyaki/reglint/internal/scan/engine.go:522.81,523.23 1 10
github.com/iyaki/reglint/internal/scan/engine.go:523.23,525.3 1 0
github.com/iyaki/reglint/internal/scan/engine.go:527.2,527.34 1 10
github.com/iyaki/reglint/internal/scan/engine.go:527.34,529.17 2 30
github.com/iyaki/reglint/internal/scan/engine.go:529.17,531.4 1 0
github.com/iyaki/reglint/internal/scan/engine.go:532.3,532.9 1 30
github.com/iyaki/reglint/internal/scan/engine.go:532.9,534.4 1 0
github.com/iyaki/reglint/internal/scan/engine.go:537.2,537.34 1 10
github.com/iyaki/reglint/internal/scan/engine.go:537.34,539.17 2 10
github.com/iyaki/reglint/internal/scan/engine.go:539.17,541.4 1 0
github.com/iyaki/reglint/internal/scan/engine.go:542.3,542.9 1 10
github.com/iyaki/reglint/internal/scan/engine.go:542.9,544.4 1 10
github.com/iyaki/reglint/internal/scan/engine.go:547.2,547.19 1 0
github.com/iyaki/reglint/internal/scan/engine.go:550.52,551.24 1 26
github.com/iyaki/reglint/internal/scan/engine.go:551.24,553.3 1 0
github.com/iyaki/reglint/internal/scan/engine.go:555.2,556.35 2 26
github.com/iyaki/reglint/internal/scan/engine.go:556.35,558.20 2 52
github.com/iyaki/reglint/internal/scan/engine.go:558.20,559.12 1 1
github.com/iyaki/reglint/internal/scan/engine.go:561.3,561.43 1 51
github.com/iyaki/reglint/internal/scan/engine.go:564.2,564.19 1 26
github.com/iyaki/reglint/internal/scan/engine.go:575.23,577.16 2 5
github.com/iyaki/reglint/internal/scan/engine.go:577.16,579.3 1 0
github.com/iyaki/reglint/internal/scan/engine.go:580.2,580.12 1 5
github.com/iyaki/reglint/internal/scan/engine.go:580.12,582.3 1 0
github.com/iyaki/reglint/internal/scan/engine.go:583.2,583.20 1 5
github.com/iyaki/reglint/internal/scan/engine.go:583.20,585.17 2 0
github.com/iyaki/reglint/internal/scan/engine.go:585.17,587.4 1 0
github.com/iyaki/reglint/internal/scan/engine.go:588.3,588.14 1 0
github.com/iyaki/reglint/internal/scan/engine.go:588.14,590.4 1 0
github.com/iyaki/reglint/internal/scan/engine.go:593.2,594.16 2 5
github.com/iyaki/reglint/internal/scan/engine.go:594.16,596.3 1 0
github.com/iyaki/reglint/internal/scan/engine.go:597.2,597.10 1 5
github.com/iyaki/reglint/internal/scan/engine.go:597.10,599.3 1 0
github.com/iyaki/reglint/internal/scan/engine.go:601.2,601.25 1 5
github.com/iyaki/reglint/internal/scan/engine.go:604.91,606.16 2 5
github.com/iyaki/reglint/internal/scan/engine.go:606.16,608.3 1 0
github.com/iyaki/reglint/internal/scan/engine.go:609.2,609.60 1 5
github.com/iyaki/reglint/internal/scan/engine.go:609.60,611.3 1 0
github.com/iyaki/reglint/internal/scan/engine.go:613.2,614.16 2 5
github.com/iyaki/reglint/internal/scan/engine.go:614.16,616.3 1 0
github.com/iyaki/reglint/internal/scan/engine.go:618.2,621.21 4 5
github.com/iyaki/reglint/internal/scan/engine.go:621.21,623.3 1 0
github.com/iyaki/reglint/internal/scan/engine.go:624.2,624.51 1 5
github.com/iyaki/reglint/internal/scan/engine.go:624.51,626.3 1 0
github.com/iyaki/reglint/internal/scan/engine.go:627.2,627.38 1 5
github.com/iyaki/reglint/internal/scan/engine.go:627.38,628.24 1 33
github.com/iyaki/reglint/internal/scan/engine.go:628.24,630.4 1 0
github.com/iyaki/reglint/internal/scan/engine.go:633.2,633.19 1 5
github.com/iyaki/reglint/internal/scan/ignore_rules.go:9.79,10.29 1 6
github.com/iyaki/reglint/internal/scan/ignore_rules.go:10.29,12.3 1 0
github.com/iyaki/reglint/internal/scan/ignore_rules.go:14.2,15.37 2 6
github.com/iyaki/reglint/internal/scan/ignore_rules.go:15.37,18.17 3 6
github.com/iyaki/reglint/internal/scan/ignore_rules.go:18.17,20.4 1 0
github.com/iyaki/reglint/internal/scan/ignore_rules.go:21.3,21.23 1 6
github.com/iyaki/reglint/internal/scan/ignore_rules.go:24.2,24.20 1 6
